============================================================
conformer_large S2S — 2x A6000, preempt
============================================================
Job ID   : 6484204
Node     : babel-t9-20
Start    : Fri Mar  6 20:27:53 EST 2026
============================================================
Python : /home/anshulk/miniconda3/envs/hnetasr/bin/python
GPUs   : NVIDIA RTX A6000, 49140 MiB
NVIDIA RTX A6000, 49140 MiB

Master port: 43805
speechbrain.core - Beginning experiment!
speechbrain.core - Experiment folder: /data/user_data/anshulk/hnet_asr/results/conformer_large_S2S
librispeech_prepare - Skipping preparation, completed in previous run.
speechbrain.dataio.sampler - Batch quantisation in latent space
speechbrain.dataio.sampler - DynamicBatchSampler: Generating dynamic batches
speechbrain.dataio.sampler - Batch quantisation in latent space
speechbrain.dataio.sampler - DynamicBatchSampler: Generating dynamic batches
speechbrain.utils.fetching - Fetch lm.ckpt: Using existing file/symlink in /data/user_data/anshulk/hnet_asr/results/conformer_large_S2S/save/lm.ckpt.
speechbrain.utils.fetching - Fetch tokenizer.ckpt: Using existing file/symlink in /data/user_data/anshulk/hnet_asr/results/conformer_large_S2S/save/tokenizer.ckpt.
speechbrain.utils.parameter_transfer - Loading pretrained files for: lm, tokenizer
speechbrain.core - Info: precision arg overridden by command line input to: bf16
speechbrain.core - Info: max_grad_norm arg from hparam file is used
speechbrain.core - Info: grad_accumulation_factor arg from hparam file is used
speechbrain.core - Gradscaler enabled: False. Using precision: bf16.
speechbrain.core - 109.1M trainable parameters in ASR
speechbrain.utils.checkpoints - Loading a checkpoint from /data/user_data/anshulk/hnet_asr/results/conformer_large_S2S/save/CKPT+2026-03-06+20-25-18+00
speechbrain.utils.checkpoints - Loading a checkpoint from /data/user_data/anshulk/hnet_asr/results/conformer_large_S2S/save/CKPT+2026-03-06+20-25-18+00
Loaded the average
Loaded the average
speechbrain.utils.checkpoints - Saving an empty state_dict for <torch.cuda.amp.grad_scaler.GradScaler object at 0x152d131a5e50> in /data/user_data/anshulk/hnet_asr/results/conformer_large_S2S/save/CKPT+2026-03-06+22-19-21+00/scaler.ckpt.
speechbrain.utils.checkpoints - Saved an end-of-epoch checkpoint in /data/user_data/anshulk/hnet_asr/results/conformer_large_S2S/save/CKPT+2026-03-06+22-19-21+00
speechbrain.utils.checkpoints - Deleted checkpoint in /data/user_data/anshulk/hnet_asr/results/conformer_large_S2S/save/CKPT+2026-03-06+20-25-18+00
speechbrain.utils.checkpoints - Loading a checkpoint from /data/user_data/anshulk/hnet_asr/results/conformer_large_S2S/save/CKPT+2026-03-06+22-19-21+00
Loaded the average
Loaded the average
speechbrain.utils.checkpoints - Saving an empty state_dict for <torch.cuda.amp.grad_scaler.GradScaler object at 0x152d131a5e50> in /data/user_data/anshulk/hnet_asr/results/conformer_large_S2S/save/CKPT+2026-03-07+00-04-57+00/scaler.ckpt.
speechbrain.utils.checkpoints - Saved an end-of-epoch checkpoint in /data/user_data/anshulk/hnet_asr/results/conformer_large_S2S/save/CKPT+2026-03-07+00-04-57+00
speechbrain.utils.checkpoints - Deleted checkpoint in /data/user_data/anshulk/hnet_asr/results/conformer_large_S2S/save/CKPT+2026-03-06+22-19-21+00
[1;34mwandb[0m: 
[1;34mwandb[0m: 🚀 View run [33mconformer_L_S2S[0m at: [34mhttps://wandb.ai/anshulk-cmu/Mamba-ASR/runs/olfewjjv[0m
[1;34mwandb[0m: Find logs at: [1;35m../../../../data/user_data/anshulk/hnet_asr/results/conformer_large_S2S/save/wandb/run-20260306_202812-olfewjjv/logs[0m

============================================================
Job finished — exit code: 0 — Sat Mar  7 00:05:07 EST 2026
============================================================
