============================================================
conformer_large S2S — 2x A6000, preempt
============================================================
Job ID   : 6472999
Node     : babel-w9-16
Start    : Tue Mar  3 09:50:36 EST 2026
============================================================
Python : /home/anshulk/miniconda3/envs/hnetasr/bin/python
GPUs   : NVIDIA RTX A6000, 49140 MiB
NVIDIA RTX A6000, 49140 MiB

Master port: 35599
speechbrain.core - Beginning experiment!
speechbrain.core - Experiment folder: /data/user_data/anshulk/hnet_asr/results/conformer_large_S2S
librispeech_prepare - Skipping preparation, completed in previous run.
speechbrain.dataio.sampler - Batch quantisation in latent space
speechbrain.dataio.sampler - DynamicBatchSampler: Generating dynamic batches
speechbrain.dataio.sampler - Batch quantisation in latent space
speechbrain.dataio.sampler - DynamicBatchSampler: Generating dynamic batches
speechbrain.utils.fetching - Fetch lm.ckpt: Using existing file/symlink in /data/user_data/anshulk/hnet_asr/results/conformer_large_S2S/save/lm.ckpt.
speechbrain.utils.fetching - Fetch tokenizer.ckpt: Using existing file/symlink in /data/user_data/anshulk/hnet_asr/results/conformer_large_S2S/save/tokenizer.ckpt.
speechbrain.utils.parameter_transfer - Loading pretrained files for: lm, tokenizer
speechbrain.core - Info: precision arg overridden by command line input to: bf16
speechbrain.core - Info: max_grad_norm arg from hparam file is used
speechbrain.core - Info: grad_accumulation_factor arg from hparam file is used
speechbrain.core - Gradscaler enabled: False. Using precision: bf16.
speechbrain.core - 109.1M trainable parameters in ASR
speechbrain.utils.checkpoints - Loading a checkpoint from /data/user_data/anshulk/hnet_asr/results/conformer_large_S2S/save/CKPT+2026-03-03+09-26-10+00
speechbrain.utils.epoch_loop - Going into epoch 68
speechbrain.dataio.sampler - DynamicBatchSampler: Generating dynamic batches
speechbrain.dataio.sampler - DynamicBatchSampler: Generating dynamic batches
torch.nn.parallel.distributed - Reducer buckets have been rebuilt in this iteration.
torch.nn.parallel.distributed - Reducer buckets have been rebuilt in this iteration.
torch.nn.parallel.distributed - Reducer buckets have been rebuilt in this iteration.
torch.nn.parallel.distributed - Reducer buckets have been rebuilt in this iteration.
speechbrain.dataio.sampler - DynamicBatchSampler: Generating dynamic batches
speechbrain.utils.checkpoints - Saving an empty state_dict for <torch.cuda.amp.grad_scaler.GradScaler object at 0x14c657b498b0> in /data/user_data/anshulk/hnet_asr/results/conformer_large_S2S/save/CKPT+2026-03-03+10-22-08+00/scaler.ckpt.
speechbrain.utils.checkpoints - Saved an end-of-epoch checkpoint in /data/user_data/anshulk/hnet_asr/results/conformer_large_S2S/save/CKPT+2026-03-03+10-22-08+00
speechbrain.utils.epoch_loop - Going into epoch 69
speechbrain.dataio.sampler - DynamicBatchSampler: Generating dynamic batches
speechbrain.dataio.sampler - DynamicBatchSampler: Generating dynamic batches
speechbrain.dataio.sampler - DynamicBatchSampler: Generating dynamic batches
speechbrain.utils.checkpoints - Saving an empty state_dict for <torch.cuda.amp.grad_scaler.GradScaler object at 0x14c657b498b0> in /data/user_data/anshulk/hnet_asr/results/conformer_large_S2S/save/CKPT+2026-03-03+10-53-25+00/scaler.ckpt.
speechbrain.utils.checkpoints - Saved an end-of-epoch checkpoint in /data/user_data/anshulk/hnet_asr/results/conformer_large_S2S/save/CKPT+2026-03-03+10-53-25+00
speechbrain.utils.checkpoints - Deleted checkpoint in /data/user_data/anshulk/hnet_asr/results/conformer_large_S2S/save/CKPT+2026-03-03+04-30-18+00
speechbrain.utils.checkpoints - Deleted checkpoint in /data/user_data/anshulk/hnet_asr/results/conformer_large_S2S/save/CKPT+2026-03-03+02-26-20+00
speechbrain.utils.epoch_loop - Going into epoch 70
speechbrain.dataio.sampler - DynamicBatchSampler: Generating dynamic batches
speechbrain.dataio.sampler - DynamicBatchSampler: Generating dynamic batches
speechbrain.core - Exception:
Traceback (most recent call last):
  File "/home/anshulk/h-mamba_asr/Mamba-ASR/train_S2S.py", line 510, in <module>
  File "/home/anshulk/miniconda3/envs/hnetasr/lib/python3.9/site-packages/speechbrain/core.py", line 1556, in fit
  File "/home/anshulk/miniconda3/envs/hnetasr/lib/python3.9/site-packages/speechbrain/core.py", line 1455, in _fit_valid
  File "/home/anshulk/miniconda3/envs/hnetasr/lib/python3.9/site-packages/tqdm/std.py", line 1181, in __iter__
  File "/home/anshulk/miniconda3/envs/hnetasr/lib/python3.9/site-packages/torch/utils/data/dataloader.py", line 633, in __next__
  File "/home/anshulk/miniconda3/envs/hnetasr/lib/python3.9/site-packages/torch/utils/data/dataloader.py", line 677, in _next_data
  File "/home/anshulk/miniconda3/envs/hnetasr/lib/python3.9/site-packages/torch/utils/data/_utils/fetch.py", line 51, in fetch
  File "/home/anshulk/miniconda3/envs/hnetasr/lib/python3.9/site-packages/torch/utils/data/_utils/fetch.py", line 51, in <listcomp>
  File "/home/anshulk/miniconda3/envs/hnetasr/lib/python3.9/site-packages/speechbrain/dataio/dataset.py", line 167, in __getitem__
  File "/home/anshulk/miniconda3/envs/hnetasr/lib/python3.9/site-packages/speechbrain/utils/data_pipeline.py", line 464, in compute_outputs
  File "/home/anshulk/miniconda3/envs/hnetasr/lib/python3.9/site-packages/speechbrain/utils/data_pipeline.py", line 496, in _compute
  File "/home/anshulk/miniconda3/envs/hnetasr/lib/python3.9/site-packages/speechbrain/utils/data_pipeline.py", line 72, in __call__
  File "/home/anshulk/h-mamba_asr/Mamba-ASR/train_S2S.py", line 338, in audio_pipeline
  File "/home/anshulk/miniconda3/envs/hnetasr/lib/python3.9/site-packages/speechbrain/dataio/dataio.py", line 275, in read_audio
  File "/home/anshulk/miniconda3/envs/hnetasr/lib/python3.9/site-packages/torchaudio/backend/sox_io_backend.py", line 256, in load
  File "/home/anshulk/miniconda3/envs/hnetasr/lib/python3.9/site-packages/torchaudio/backend/sox_io_backend.py", line 30, in _fail_load
RuntimeError: Failed to load audio from /data/user_data/anshulk/hnet_asr/LibriSpeech/dev-clean/2035/147960/2035-147960-0015.flac
[1;34mwandb[0m: 
[1;34mwandb[0m: 🚀 View run [33mconformer_L_S2S[0m at: [34mhttps://wandb.ai/anshulk-cmu/Mamba-ASR/runs/azng32hc[0m

============================================================
Job finished — exit code: 1 — Tue Mar  3 11:27:02 EST 2026
============================================================
