============================================================
conformer_large CTC — 4x A6000, preempt
============================================================
Job ID   : 6508919
Node     : babel-v9-24
Start    : Sat Mar  7 10:26:30 EST 2026
============================================================
Python : /home/anshulk/miniconda3/envs/hnetasr/bin/python
GPUs   : NVIDIA RTX A6000, 49140 MiB
NVIDIA RTX A6000, 49140 MiB
NVIDIA RTX A6000, 49140 MiB
NVIDIA RTX A6000, 49140 MiB

Master port: 49563
speechbrain.core - Beginning experiment!
speechbrain.core - Experiment folder: /data/user_data/anshulk/hnet_asr/results/conformer_large_CTC
librispeech_prepare - Skipping preparation, completed in previous run.
speechbrain.tokenizers.SentencePiece - Tokenizer is already trained.
speechbrain.tokenizers.SentencePiece - ==== Loading Tokenizer ===
speechbrain.tokenizers.SentencePiece - Tokenizer path: /data/user_data/anshulk/hnet_asr/results/conformer_large_CTC/save/31_char.model
speechbrain.tokenizers.SentencePiece - Tokenizer vocab_size: 31
speechbrain.tokenizers.SentencePiece - Tokenizer type: char
speechbrain.dataio.sampler - Batch quantisation in latent space
speechbrain.dataio.sampler - DynamicBatchSampler: Generating dynamic batches
speechbrain.dataio.sampler - Batch quantisation in latent space
speechbrain.dataio.sampler - DynamicBatchSampler: Generating dynamic batches
speechbrain.core - Info: precision arg overridden by command line input to: bf16
speechbrain.core - Info: max_grad_norm arg from hparam file is used
speechbrain.core - Info: grad_accumulation_factor arg from hparam file is used
speechbrain.core - Gradscaler enabled: False. Using precision: bf16.
speechbrain.core - 28.8M trainable parameters in ASR
speechbrain.utils.checkpoints - Loading a checkpoint from /data/user_data/anshulk/hnet_asr/results/conformer_large_CTC/save/CKPT+2026-03-07+10-20-16+00
speechbrain.utils.epoch_loop - Going into epoch 108
speechbrain.dataio.sampler - DynamicBatchSampler: Generating dynamic batches
torch.nn.parallel.distributed - Reducer buckets have been rebuilt in this iteration.
torch.nn.parallel.distributed - Reducer buckets have been rebuilt in this iteration.
torch.nn.parallel.distributed - Reducer buckets have been rebuilt in this iteration.
speechbrain.utils.checkpoints - Saving an empty state_dict for <torch.cuda.amp.grad_scaler.GradScaler object at 0x1548ee865520> in /data/user_data/anshulk/hnet_asr/results/conformer_large_CTC/save/CKPT+2026-03-07+10-37-52+00/scaler.ckpt.
speechbrain.utils.checkpoints - Saved an end-of-epoch checkpoint in /data/user_data/anshulk/hnet_asr/results/conformer_large_CTC/save/CKPT+2026-03-07+10-37-52+00

============================================================
Job finished — exit code: 1 — Sat Mar  7 10:37:56 EST 2026
============================================================
