
A module that was compiled using NumPy 1.x cannot be run in
NumPy 2.0.2 as it may crash. To support both 1.x and 2.x
versions of NumPy, modules must be compiled with NumPy 2.0.
Some module may need to rebuild instead e.g. with 'pybind11>=2.12'.

If you are a user of the module, the easiest solution will be to
downgrade to 'numpy<2' or try to upgrade the affected module.
We expect that some modules will need time to support NumPy 2.

Traceback (most recent call last):  File "/home/anshulk/miniconda3/envs/hnetasr/bin/torchrun", line 3, in <module>
    from torch.distributed.run import main
  File "/home/anshulk/miniconda3/envs/hnetasr/lib/python3.9/site-packages/torch/__init__.py", line 1382, in <module>
    from .functional import *  # noqa: F403
  File "/home/anshulk/miniconda3/envs/hnetasr/lib/python3.9/site-packages/torch/functional.py", line 7, in <module>
    import torch.nn.functional as F
  File "/home/anshulk/miniconda3/envs/hnetasr/lib/python3.9/site-packages/torch/nn/__init__.py", line 1, in <module>
    from .modules import *  # noqa: F403
  File "/home/anshulk/miniconda3/envs/hnetasr/lib/python3.9/site-packages/torch/nn/modules/__init__.py", line 35, in <module>
    from .transformer import TransformerEncoder, TransformerDecoder, \
  File "/home/anshulk/miniconda3/envs/hnetasr/lib/python3.9/site-packages/torch/nn/modules/transformer.py", line 20, in <module>
    device: torch.device = torch.device(torch._C._get_default_device()),  # torch.device('cpu'),
/home/anshulk/miniconda3/envs/hnetasr/lib/python3.9/site-packages/torch/nn/modules/transformer.py:20: UserWarning: Failed to initialize NumPy: _ARRAY_API not found (Triggered internally at ../torch/csrc/utils/tensor_numpy.cpp:84.)
  device: torch.device = torch.device(torch._C._get_default_device()),  # torch.device('cpu'),

A module that was compiled using NumPy 1.x cannot be run in
NumPy 2.0.2 as it may crash. To support both 1.x and 2.x
versions of NumPy, modules must be compiled with NumPy 2.0.
Some module may need to rebuild instead e.g. with 'pybind11>=2.12'.

If you are a user of the module, the easiest solution will be to
downgrade to 'numpy<2' or try to upgrade the affected module.
We expect that some modules will need time to support NumPy 2.

Traceback (most recent call last):  File "/home/anshulk/h-mamba_asr/Mamba-ASR/train_CTC.py", line 30, in <module>
    import torch
  File "/home/anshulk/miniconda3/envs/hnetasr/lib/python3.9/site-packages/torch/__init__.py", line 1382, in <module>
    from .functional import *  # noqa: F403
  File "/home/anshulk/miniconda3/envs/hnetasr/lib/python3.9/site-packages/torch/functional.py", line 7, in <module>
    import torch.nn.functional as F
  File "/home/anshulk/miniconda3/envs/hnetasr/lib/python3.9/site-packages/torch/nn/__init__.py", line 1, in <module>
    from .modules import *  # noqa: F403
  File "/home/anshulk/miniconda3/envs/hnetasr/lib/python3.9/site-packages/torch/nn/modules/__init__.py", line 35, in <module>
    from .transformer import TransformerEncoder, TransformerDecoder, \
  File "/home/anshulk/miniconda3/envs/hnetasr/lib/python3.9/site-packages/torch/nn/modules/transformer.py", line 20, in <module>
    device: torch.device = torch.device(torch._C._get_default_device()),  # torch.device('cpu'),
/home/anshulk/miniconda3/envs/hnetasr/lib/python3.9/site-packages/torch/nn/modules/transformer.py:20: UserWarning: Failed to initialize NumPy: _ARRAY_API not found (Triggered internally at ../torch/csrc/utils/tensor_numpy.cpp:84.)
  device: torch.device = torch.device(torch._C._get_default_device()),  # torch.device('cpu'),

A module that was compiled using NumPy 1.x cannot be run in
NumPy 2.0.2 as it may crash. To support both 1.x and 2.x
versions of NumPy, modules must be compiled with NumPy 2.0.
Some module may need to rebuild instead e.g. with 'pybind11>=2.12'.

If you are a user of the module, the easiest solution will be to
downgrade to 'numpy<2' or try to upgrade the affected module.
We expect that some modules will need time to support NumPy 2.

Traceback (most recent call last):  File "/home/anshulk/h-mamba_asr/Mamba-ASR/train_CTC.py", line 30, in <module>
    import torch
  File "/home/anshulk/miniconda3/envs/hnetasr/lib/python3.9/site-packages/torch/__init__.py", line 1382, in <module>
    from .functional import *  # noqa: F403
  File "/home/anshulk/miniconda3/envs/hnetasr/lib/python3.9/site-packages/torch/functional.py", line 7, in <module>
    import torch.nn.functional as F
  File "/home/anshulk/miniconda3/envs/hnetasr/lib/python3.9/site-packages/torch/nn/__init__.py", line 1, in <module>
    from .modules import *  # noqa: F403
  File "/home/anshulk/miniconda3/envs/hnetasr/lib/python3.9/site-packages/torch/nn/modules/__init__.py", line 35, in <module>
    from .transformer import TransformerEncoder, TransformerDecoder, \
  File "/home/anshulk/miniconda3/envs/hnetasr/lib/python3.9/site-packages/torch/nn/modules/transformer.py", line 20, in <module>
    device: torch.device = torch.device(torch._C._get_default_device()),  # torch.device('cpu'),
/home/anshulk/miniconda3/envs/hnetasr/lib/python3.9/site-packages/torch/nn/modules/transformer.py:20: UserWarning: Failed to initialize NumPy: _ARRAY_API not found (Triggered internally at ../torch/csrc/utils/tensor_numpy.cpp:84.)
  device: torch.device = torch.device(torch._C._get_default_device()),  # torch.device('cpu'),

A module that was compiled using NumPy 1.x cannot be run in
NumPy 2.0.2 as it may crash. To support both 1.x and 2.x
versions of NumPy, modules must be compiled with NumPy 2.0.
Some module may need to rebuild instead e.g. with 'pybind11>=2.12'.

If you are a user of the module, the easiest solution will be to
downgrade to 'numpy<2' or try to upgrade the affected module.
We expect that some modules will need time to support NumPy 2.

Traceback (most recent call last):  File "/home/anshulk/h-mamba_asr/Mamba-ASR/train_CTC.py", line 30, in <module>
    import torch
  File "/home/anshulk/miniconda3/envs/hnetasr/lib/python3.9/site-packages/torch/__init__.py", line 1382, in <module>
    from .functional import *  # noqa: F403
  File "/home/anshulk/miniconda3/envs/hnetasr/lib/python3.9/site-packages/torch/functional.py", line 7, in <module>
    import torch.nn.functional as F
  File "/home/anshulk/miniconda3/envs/hnetasr/lib/python3.9/site-packages/torch/nn/__init__.py", line 1, in <module>
    from .modules import *  # noqa: F403
  File "/home/anshulk/miniconda3/envs/hnetasr/lib/python3.9/site-packages/torch/nn/modules/__init__.py", line 35, in <module>
    from .transformer import TransformerEncoder, TransformerDecoder, \
  File "/home/anshulk/miniconda3/envs/hnetasr/lib/python3.9/site-packages/torch/nn/modules/transformer.py", line 20, in <module>
    device: torch.device = torch.device(torch._C._get_default_device()),  # torch.device('cpu'),
/home/anshulk/miniconda3/envs/hnetasr/lib/python3.9/site-packages/torch/nn/modules/transformer.py:20: UserWarning: Failed to initialize NumPy: _ARRAY_API not found (Triggered internally at ../torch/csrc/utils/tensor_numpy.cpp:84.)
  device: torch.device = torch.device(torch._C._get_default_device()),  # torch.device('cpu'),

A module that was compiled using NumPy 1.x cannot be run in
NumPy 2.0.2 as it may crash. To support both 1.x and 2.x
versions of NumPy, modules must be compiled with NumPy 2.0.
Some module may need to rebuild instead e.g. with 'pybind11>=2.12'.

If you are a user of the module, the easiest solution will be to
downgrade to 'numpy<2' or try to upgrade the affected module.
We expect that some modules will need time to support NumPy 2.

Traceback (most recent call last):  File "/home/anshulk/h-mamba_asr/Mamba-ASR/train_CTC.py", line 30, in <module>
    import torch
  File "/home/anshulk/miniconda3/envs/hnetasr/lib/python3.9/site-packages/torch/__init__.py", line 1382, in <module>
    from .functional import *  # noqa: F403
  File "/home/anshulk/miniconda3/envs/hnetasr/lib/python3.9/site-packages/torch/functional.py", line 7, in <module>
    import torch.nn.functional as F
  File "/home/anshulk/miniconda3/envs/hnetasr/lib/python3.9/site-packages/torch/nn/__init__.py", line 1, in <module>
    from .modules import *  # noqa: F403
  File "/home/anshulk/miniconda3/envs/hnetasr/lib/python3.9/site-packages/torch/nn/modules/__init__.py", line 35, in <module>
    from .transformer import TransformerEncoder, TransformerDecoder, \
  File "/home/anshulk/miniconda3/envs/hnetasr/lib/python3.9/site-packages/torch/nn/modules/transformer.py", line 20, in <module>
    device: torch.device = torch.device(torch._C._get_default_device()),  # torch.device('cpu'),
/home/anshulk/miniconda3/envs/hnetasr/lib/python3.9/site-packages/torch/nn/modules/transformer.py:20: UserWarning: Failed to initialize NumPy: _ARRAY_API not found (Triggered internally at ../torch/csrc/utils/tensor_numpy.cpp:84.)
  device: torch.device = torch.device(torch._C._get_default_device()),  # torch.device('cpu'),
Traceback (most recent call last):
  File "/home/anshulk/miniconda3/envs/hnetasr/lib/python3.9/pydoc.py", line 439, in safeimport
    module = __import__(path)
  File "/home/anshulk/h-mamba_asr/Mamba-ASR/modules/TransformerASR.py", line 22, in <module>
    from modules.Transformer import (
  File "/home/anshulk/h-mamba_asr/Mamba-ASR/modules/Transformer.py", line 27, in <module>
    from modules.Conmamba import ConmambaEncoder, MambaDecoder
  File "/home/anshulk/h-mamba_asr/Mamba-ASR/modules/Conmamba.py", line 28, in <module>
    from mamba_ssm import Mamba
  File "/home/anshulk/miniconda3/envs/hnetasr/lib/python3.9/site-packages/mamba_ssm/__init__.py", line 6, in <module>
    from mamba_ssm.models.mixer_seq_simple import MambaLMHeadModel
  File "/home/anshulk/miniconda3/envs/hnetasr/lib/python3.9/site-packages/mamba_ssm/models/mixer_seq_simple.py", line 20, in <module>
    from mamba_ssm.utils.generation import GenerationMixin
  File "/home/anshulk/miniconda3/envs/hnetasr/lib/python3.9/site-packages/mamba_ssm/utils/generation.py", line 14, in <module>
    from transformers.generation import GreedySearchDecoderOnlyOutput, SampleDecoderOnlyOutput, TextStreamer
  File "/home/anshulk/miniconda3/envs/hnetasr/lib/python3.9/site-packages/transformers/__init__.py", line 26, in <module>
    from . import dependency_versions_check
  File "/home/anshulk/miniconda3/envs/hnetasr/lib/python3.9/site-packages/transformers/dependency_versions_check.py", line 57, in <module>
    require_version_core(deps[pkg])
  File "/home/anshulk/miniconda3/envs/hnetasr/lib/python3.9/site-packages/transformers/utils/versions.py", line 117, in require_version_core
    return require_version(requirement, hint)
  File "/home/anshulk/miniconda3/envs/hnetasr/lib/python3.9/site-packages/transformers/utils/versions.py", line 111, in require_version
    _compare_versions(op, got_ver, want_ver, requirement, pkg, hint)
  File "/home/anshulk/miniconda3/envs/hnetasr/lib/python3.9/site-packages/transformers/utils/versions.py", line 44, in _compare_versions
    raise ImportError(
ImportError: huggingface-hub>=0.19.3,<1.0 is required for a normal functioning of this module, but found huggingface-hub==1.8.0.
Try: `pip install transformers -U` or `pip install -e '.[dev]'` if you're working with git main

During handling of the above exception, another exception occurred:

Traceback (most recent call last):
  File "/home/anshulk/h-mamba_asr/Mamba-ASR/train_CTC.py", line 343, in <module>
    hparams = load_hyperpyyaml(fin, overrides)
  File "/home/anshulk/miniconda3/envs/hnetasr/lib/python3.9/site-packages/hyperpyyaml/core.py", line 189, in load_hyperpyyaml
    hparams = yaml.load(yaml_stream, Loader=loader)
  File "/home/anshulk/miniconda3/envs/hnetasr/lib/python3.9/site-packages/yaml/__init__.py", line 81, in load
    return loader.get_single_data()
  File "/home/anshulk/miniconda3/envs/hnetasr/lib/python3.9/site-packages/ruamel/yaml/constructor.py", line 119, in get_single_data
    return self.construct_document(node)
  File "/home/anshulk/miniconda3/envs/hnetasr/lib/python3.9/site-packages/ruamel/yaml/constructor.py", line 123, in construct_document
    data = self.construct_object(node)
  File "/home/anshulk/miniconda3/envs/hnetasr/lib/python3.9/site-packages/ruamel/yaml/constructor.py", line 150, in construct_object
    data = self.construct_non_recursive_object(node)
  File "/home/anshulk/miniconda3/envs/hnetasr/lib/python3.9/site-packages/ruamel/yaml/constructor.py", line 191, in construct_non_recursive_object
    for _dummy in generator:
  File "/home/anshulk/miniconda3/envs/hnetasr/lib/python3.9/site-packages/ruamel/yaml/constructor.py", line 629, in construct_yaml_map
    value = self.construct_mapping(node)
  File "/home/anshulk/miniconda3/envs/hnetasr/lib/python3.9/site-packages/ruamel/yaml/constructor.py", line 425, in construct_mapping
    return BaseConstructor.construct_mapping(self, node, deep=deep)
  File "/home/anshulk/miniconda3/envs/hnetasr/lib/python3.9/site-packages/ruamel/yaml/constructor.py", line 247, in construct_mapping
    value = self.construct_object(value_node, deep=deep)
  File "/home/anshulk/miniconda3/envs/hnetasr/lib/python3.9/site-packages/ruamel/yaml/constructor.py", line 150, in construct_object
    data = self.construct_non_recursive_object(node)
  File "/home/anshulk/miniconda3/envs/hnetasr/lib/python3.9/site-packages/ruamel/yaml/constructor.py", line 186, in construct_non_recursive_object
    data = constructor(self, tag_suffix, node)
  File "/home/anshulk/miniconda3/envs/hnetasr/lib/python3.9/site-packages/hyperpyyaml/core.py", line 471, in _construct_object
    callable_ = pydoc.locate(callable_string)
  File "/home/anshulk/miniconda3/envs/hnetasr/lib/python3.9/pydoc.py", line 1718, in locate
    nextmodule = safeimport('.'.join(parts[:n+1]), forceload)
  File "/home/anshulk/miniconda3/envs/hnetasr/lib/python3.9/pydoc.py", line 454, in safeimport
    raise ErrorDuringImport(path, sys.exc_info())
pydoc.ErrorDuringImport: problem in modules.TransformerASR - ImportError: huggingface-hub>=0.19.3,<1.0 is required for a normal functioning of this module, but found huggingface-hub==1.8.0.
Try: `pip install transformers -U` or `pip install -e '.[dev]'` if you're working with git main
Traceback (most recent call last):
  File "/home/anshulk/miniconda3/envs/hnetasr/lib/python3.9/pydoc.py", line 439, in safeimport
    module = __import__(path)
  File "/home/anshulk/h-mamba_asr/Mamba-ASR/modules/TransformerASR.py", line 22, in <module>
    from modules.Transformer import (
  File "/home/anshulk/h-mamba_asr/Mamba-ASR/modules/Transformer.py", line 27, in <module>
    from modules.Conmamba import ConmambaEncoder, MambaDecoder
  File "/home/anshulk/h-mamba_asr/Mamba-ASR/modules/Conmamba.py", line 28, in <module>
    from mamba_ssm import Mamba
  File "/home/anshulk/miniconda3/envs/hnetasr/lib/python3.9/site-packages/mamba_ssm/__init__.py", line 6, in <module>
    from mamba_ssm.models.mixer_seq_simple import MambaLMHeadModel
  File "/home/anshulk/miniconda3/envs/hnetasr/lib/python3.9/site-packages/mamba_ssm/models/mixer_seq_simple.py", line 20, in <module>
    from mamba_ssm.utils.generation import GenerationMixin
  File "/home/anshulk/miniconda3/envs/hnetasr/lib/python3.9/site-packages/mamba_ssm/utils/generation.py", line 14, in <module>
    from transformers.generation import GreedySearchDecoderOnlyOutput, SampleDecoderOnlyOutput, TextStreamer
  File "/home/anshulk/miniconda3/envs/hnetasr/lib/python3.9/site-packages/transformers/__init__.py", line 26, in <module>
    from . import dependency_versions_check
  File "/home/anshulk/miniconda3/envs/hnetasr/lib/python3.9/site-packages/transformers/dependency_versions_check.py", line 57, in <module>
    require_version_core(deps[pkg])
  File "/home/anshulk/miniconda3/envs/hnetasr/lib/python3.9/site-packages/transformers/utils/versions.py", line 117, in require_version_core
    return require_version(requirement, hint)
  File "/home/anshulk/miniconda3/envs/hnetasr/lib/python3.9/site-packages/transformers/utils/versions.py", line 111, in require_version
    _compare_versions(op, got_ver, want_ver, requirement, pkg, hint)
  File "/home/anshulk/miniconda3/envs/hnetasr/lib/python3.9/site-packages/transformers/utils/versions.py", line 44, in _compare_versions
    raise ImportError(
ImportError: huggingface-hub>=0.19.3,<1.0 is required for a normal functioning of this module, but found huggingface-hub==1.8.0.
Try: `pip install transformers -U` or `pip install -e '.[dev]'` if you're working with git main

During handling of the above exception, another exception occurred:

Traceback (most recent call last):
  File "/home/anshulk/h-mamba_asr/Mamba-ASR/train_CTC.py", line 343, in <module>
    hparams = load_hyperpyyaml(fin, overrides)
  File "/home/anshulk/miniconda3/envs/hnetasr/lib/python3.9/site-packages/hyperpyyaml/core.py", line 189, in load_hyperpyyaml
    hparams = yaml.load(yaml_stream, Loader=loader)
  File "/home/anshulk/miniconda3/envs/hnetasr/lib/python3.9/site-packages/yaml/__init__.py", line 81, in load
    return loader.get_single_data()
  File "/home/anshulk/miniconda3/envs/hnetasr/lib/python3.9/site-packages/ruamel/yaml/constructor.py", line 119, in get_single_data
    return self.construct_document(node)
  File "/home/anshulk/miniconda3/envs/hnetasr/lib/python3.9/site-packages/ruamel/yaml/constructor.py", line 123, in construct_document
    data = self.construct_object(node)
  File "/home/anshulk/miniconda3/envs/hnetasr/lib/python3.9/site-packages/ruamel/yaml/constructor.py", line 150, in construct_object
    data = self.construct_non_recursive_object(node)
  File "/home/anshulk/miniconda3/envs/hnetasr/lib/python3.9/site-packages/ruamel/yaml/constructor.py", line 191, in construct_non_recursive_object
    for _dummy in generator:
  File "/home/anshulk/miniconda3/envs/hnetasr/lib/python3.9/site-packages/ruamel/yaml/constructor.py", line 629, in construct_yaml_map
    value = self.construct_mapping(node)
  File "/home/anshulk/miniconda3/envs/hnetasr/lib/python3.9/site-packages/ruamel/yaml/constructor.py", line 425, in construct_mapping
    return BaseConstructor.construct_mapping(self, node, deep=deep)
  File "/home/anshulk/miniconda3/envs/hnetasr/lib/python3.9/site-packages/ruamel/yaml/constructor.py", line 247, in construct_mapping
    value = self.construct_object(value_node, deep=deep)
  File "/home/anshulk/miniconda3/envs/hnetasr/lib/python3.9/site-packages/ruamel/yaml/constructor.py", line 150, in construct_object
    data = self.construct_non_recursive_object(node)
  File "/home/anshulk/miniconda3/envs/hnetasr/lib/python3.9/site-packages/ruamel/yaml/constructor.py", line 186, in construct_non_recursive_object
    data = constructor(self, tag_suffix, node)
  File "/home/anshulk/miniconda3/envs/hnetasr/lib/python3.9/site-packages/hyperpyyaml/core.py", line 471, in _construct_object
    callable_ = pydoc.locate(callable_string)
  File "/home/anshulk/miniconda3/envs/hnetasr/lib/python3.9/pydoc.py", line 1718, in locate
    nextmodule = safeimport('.'.join(parts[:n+1]), forceload)
  File "/home/anshulk/miniconda3/envs/hnetasr/lib/python3.9/pydoc.py", line 454, in safeimport
    raise ErrorDuringImport(path, sys.exc_info())
pydoc.ErrorDuringImport: problem in modules.TransformerASR - ImportError: huggingface-hub>=0.19.3,<1.0 is required for a normal functioning of this module, but found huggingface-hub==1.8.0.
Try: `pip install transformers -U` or `pip install -e '.[dev]'` if you're working with git main
Traceback (most recent call last):
  File "/home/anshulk/miniconda3/envs/hnetasr/lib/python3.9/pydoc.py", line 439, in safeimport
    module = __import__(path)
  File "/home/anshulk/h-mamba_asr/Mamba-ASR/modules/TransformerASR.py", line 22, in <module>
    from modules.Transformer import (
  File "/home/anshulk/h-mamba_asr/Mamba-ASR/modules/Transformer.py", line 27, in <module>
    from modules.Conmamba import ConmambaEncoder, MambaDecoder
  File "/home/anshulk/h-mamba_asr/Mamba-ASR/modules/Conmamba.py", line 28, in <module>
    from mamba_ssm import Mamba
  File "/home/anshulk/miniconda3/envs/hnetasr/lib/python3.9/site-packages/mamba_ssm/__init__.py", line 6, in <module>
    from mamba_ssm.models.mixer_seq_simple import MambaLMHeadModel
  File "/home/anshulk/miniconda3/envs/hnetasr/lib/python3.9/site-packages/mamba_ssm/models/mixer_seq_simple.py", line 20, in <module>
    from mamba_ssm.utils.generation import GenerationMixin
  File "/home/anshulk/miniconda3/envs/hnetasr/lib/python3.9/site-packages/mamba_ssm/utils/generation.py", line 14, in <module>
    from transformers.generation import GreedySearchDecoderOnlyOutput, SampleDecoderOnlyOutput, TextStreamer
  File "/home/anshulk/miniconda3/envs/hnetasr/lib/python3.9/site-packages/transformers/__init__.py", line 26, in <module>
    from . import dependency_versions_check
  File "/home/anshulk/miniconda3/envs/hnetasr/lib/python3.9/site-packages/transformers/dependency_versions_check.py", line 57, in <module>
    require_version_core(deps[pkg])
  File "/home/anshulk/miniconda3/envs/hnetasr/lib/python3.9/site-packages/transformers/utils/versions.py", line 117, in require_version_core
    return require_version(requirement, hint)
  File "/home/anshulk/miniconda3/envs/hnetasr/lib/python3.9/site-packages/transformers/utils/versions.py", line 111, in require_version
    _compare_versions(op, got_ver, want_ver, requirement, pkg, hint)
  File "/home/anshulk/miniconda3/envs/hnetasr/lib/python3.9/site-packages/transformers/utils/versions.py", line 44, in _compare_versions
    raise ImportError(
ImportError: huggingface-hub>=0.19.3,<1.0 is required for a normal functioning of this module, but found huggingface-hub==1.8.0.
Try: `pip install transformers -U` or `pip install -e '.[dev]'` if you're working with git main

During handling of the above exception, another exception occurred:

Traceback (most recent call last):
  File "/home/anshulk/h-mamba_asr/Mamba-ASR/train_CTC.py", line 343, in <module>
    hparams = load_hyperpyyaml(fin, overrides)
  File "/home/anshulk/miniconda3/envs/hnetasr/lib/python3.9/site-packages/hyperpyyaml/core.py", line 189, in load_hyperpyyaml
    hparams = yaml.load(yaml_stream, Loader=loader)
  File "/home/anshulk/miniconda3/envs/hnetasr/lib/python3.9/site-packages/yaml/__init__.py", line 81, in load
    return loader.get_single_data()
  File "/home/anshulk/miniconda3/envs/hnetasr/lib/python3.9/site-packages/ruamel/yaml/constructor.py", line 119, in get_single_data
    return self.construct_document(node)
  File "/home/anshulk/miniconda3/envs/hnetasr/lib/python3.9/site-packages/ruamel/yaml/constructor.py", line 123, in construct_document
    data = self.construct_object(node)
  File "/home/anshulk/miniconda3/envs/hnetasr/lib/python3.9/site-packages/ruamel/yaml/constructor.py", line 150, in construct_object
    data = self.construct_non_recursive_object(node)
  File "/home/anshulk/miniconda3/envs/hnetasr/lib/python3.9/site-packages/ruamel/yaml/constructor.py", line 191, in construct_non_recursive_object
    for _dummy in generator:
  File "/home/anshulk/miniconda3/envs/hnetasr/lib/python3.9/site-packages/ruamel/yaml/constructor.py", line 629, in construct_yaml_map
    value = self.construct_mapping(node)
  File "/home/anshulk/miniconda3/envs/hnetasr/lib/python3.9/site-packages/ruamel/yaml/constructor.py", line 425, in construct_mapping
    return BaseConstructor.construct_mapping(self, node, deep=deep)
  File "/home/anshulk/miniconda3/envs/hnetasr/lib/python3.9/site-packages/ruamel/yaml/constructor.py", line 247, in construct_mapping
    value = self.construct_object(value_node, deep=deep)
  File "/home/anshulk/miniconda3/envs/hnetasr/lib/python3.9/site-packages/ruamel/yaml/constructor.py", line 150, in construct_object
    data = self.construct_non_recursive_object(node)
  File "/home/anshulk/miniconda3/envs/hnetasr/lib/python3.9/site-packages/ruamel/yaml/constructor.py", line 186, in construct_non_recursive_object
    data = constructor(self, tag_suffix, node)
  File "/home/anshulk/miniconda3/envs/hnetasr/lib/python3.9/site-packages/hyperpyyaml/core.py", line 471, in _construct_object
    callable_ = pydoc.locate(callable_string)
  File "/home/anshulk/miniconda3/envs/hnetasr/lib/python3.9/pydoc.py", line 1718, in locate
    nextmodule = safeimport('.'.join(parts[:n+1]), forceload)
  File "/home/anshulk/miniconda3/envs/hnetasr/lib/python3.9/pydoc.py", line 454, in safeimport
    raise ErrorDuringImport(path, sys.exc_info())
pydoc.ErrorDuringImport: problem in modules.TransformerASR - ImportError: huggingface-hub>=0.19.3,<1.0 is required for a normal functioning of this module, but found huggingface-hub==1.8.0.
Try: `pip install transformers -U` or `pip install -e '.[dev]'` if you're working with git main
Traceback (most recent call last):
  File "/home/anshulk/miniconda3/envs/hnetasr/lib/python3.9/pydoc.py", line 439, in safeimport
    module = __import__(path)
  File "/home/anshulk/h-mamba_asr/Mamba-ASR/modules/TransformerASR.py", line 22, in <module>
    from modules.Transformer import (
  File "/home/anshulk/h-mamba_asr/Mamba-ASR/modules/Transformer.py", line 27, in <module>
    from modules.Conmamba import ConmambaEncoder, MambaDecoder
  File "/home/anshulk/h-mamba_asr/Mamba-ASR/modules/Conmamba.py", line 28, in <module>
    from mamba_ssm import Mamba
  File "/home/anshulk/miniconda3/envs/hnetasr/lib/python3.9/site-packages/mamba_ssm/__init__.py", line 6, in <module>
    from mamba_ssm.models.mixer_seq_simple import MambaLMHeadModel
  File "/home/anshulk/miniconda3/envs/hnetasr/lib/python3.9/site-packages/mamba_ssm/models/mixer_seq_simple.py", line 20, in <module>
    from mamba_ssm.utils.generation import GenerationMixin
  File "/home/anshulk/miniconda3/envs/hnetasr/lib/python3.9/site-packages/mamba_ssm/utils/generation.py", line 14, in <module>
    from transformers.generation import GreedySearchDecoderOnlyOutput, SampleDecoderOnlyOutput, TextStreamer
  File "/home/anshulk/miniconda3/envs/hnetasr/lib/python3.9/site-packages/transformers/__init__.py", line 26, in <module>
    from . import dependency_versions_check
  File "/home/anshulk/miniconda3/envs/hnetasr/lib/python3.9/site-packages/transformers/dependency_versions_check.py", line 57, in <module>
    require_version_core(deps[pkg])
  File "/home/anshulk/miniconda3/envs/hnetasr/lib/python3.9/site-packages/transformers/utils/versions.py", line 117, in require_version_core
    return require_version(requirement, hint)
  File "/home/anshulk/miniconda3/envs/hnetasr/lib/python3.9/site-packages/transformers/utils/versions.py", line 111, in require_version
    _compare_versions(op, got_ver, want_ver, requirement, pkg, hint)
  File "/home/anshulk/miniconda3/envs/hnetasr/lib/python3.9/site-packages/transformers/utils/versions.py", line 44, in _compare_versions
    raise ImportError(
ImportError: huggingface-hub>=0.19.3,<1.0 is required for a normal functioning of this module, but found huggingface-hub==1.8.0.
Try: `pip install transformers -U` or `pip install -e '.[dev]'` if you're working with git main

During handling of the above exception, another exception occurred:

Traceback (most recent call last):
  File "/home/anshulk/h-mamba_asr/Mamba-ASR/train_CTC.py", line 343, in <module>
    hparams = load_hyperpyyaml(fin, overrides)
  File "/home/anshulk/miniconda3/envs/hnetasr/lib/python3.9/site-packages/hyperpyyaml/core.py", line 189, in load_hyperpyyaml
    hparams = yaml.load(yaml_stream, Loader=loader)
  File "/home/anshulk/miniconda3/envs/hnetasr/lib/python3.9/site-packages/yaml/__init__.py", line 81, in load
    return loader.get_single_data()
  File "/home/anshulk/miniconda3/envs/hnetasr/lib/python3.9/site-packages/ruamel/yaml/constructor.py", line 119, in get_single_data
    return self.construct_document(node)
  File "/home/anshulk/miniconda3/envs/hnetasr/lib/python3.9/site-packages/ruamel/yaml/constructor.py", line 123, in construct_document
    data = self.construct_object(node)
  File "/home/anshulk/miniconda3/envs/hnetasr/lib/python3.9/site-packages/ruamel/yaml/constructor.py", line 150, in construct_object
    data = self.construct_non_recursive_object(node)
  File "/home/anshulk/miniconda3/envs/hnetasr/lib/python3.9/site-packages/ruamel/yaml/constructor.py", line 191, in construct_non_recursive_object
    for _dummy in generator:
  File "/home/anshulk/miniconda3/envs/hnetasr/lib/python3.9/site-packages/ruamel/yaml/constructor.py", line 629, in construct_yaml_map
    value = self.construct_mapping(node)
  File "/home/anshulk/miniconda3/envs/hnetasr/lib/python3.9/site-packages/ruamel/yaml/constructor.py", line 425, in construct_mapping
    return BaseConstructor.construct_mapping(self, node, deep=deep)
  File "/home/anshulk/miniconda3/envs/hnetasr/lib/python3.9/site-packages/ruamel/yaml/constructor.py", line 247, in construct_mapping
    value = self.construct_object(value_node, deep=deep)
  File "/home/anshulk/miniconda3/envs/hnetasr/lib/python3.9/site-packages/ruamel/yaml/constructor.py", line 150, in construct_object
    data = self.construct_non_recursive_object(node)
  File "/home/anshulk/miniconda3/envs/hnetasr/lib/python3.9/site-packages/ruamel/yaml/constructor.py", line 186, in construct_non_recursive_object
    data = constructor(self, tag_suffix, node)
  File "/home/anshulk/miniconda3/envs/hnetasr/lib/python3.9/site-packages/hyperpyyaml/core.py", line 471, in _construct_object
    callable_ = pydoc.locate(callable_string)
  File "/home/anshulk/miniconda3/envs/hnetasr/lib/python3.9/pydoc.py", line 1718, in locate
    nextmodule = safeimport('.'.join(parts[:n+1]), forceload)
  File "/home/anshulk/miniconda3/envs/hnetasr/lib/python3.9/pydoc.py", line 454, in safeimport
    raise ErrorDuringImport(path, sys.exc_info())
pydoc.ErrorDuringImport: problem in modules.TransformerASR - ImportError: huggingface-hub>=0.19.3,<1.0 is required for a normal functioning of this module, but found huggingface-hub==1.8.0.
Try: `pip install transformers -U` or `pip install -e '.[dev]'` if you're working with git main
[2026-04-05 06:22:39,043] torch.distributed.elastic.multiprocessing.api: [ERROR] failed (exitcode: 1) local_rank: 0 (pid: 2778949) of binary: /home/anshulk/miniconda3/envs/hnetasr/bin/python3.9
Traceback (most recent call last):
  File "/home/anshulk/miniconda3/envs/hnetasr/bin/torchrun", line 6, in <module>
    sys.exit(main())
  File "/home/anshulk/miniconda3/envs/hnetasr/lib/python3.9/site-packages/torch/distributed/elastic/multiprocessing/errors/__init__.py", line 346, in wrapper
    return f(*args, **kwargs)
  File "/home/anshulk/miniconda3/envs/hnetasr/lib/python3.9/site-packages/torch/distributed/run.py", line 806, in main
    run(args)
  File "/home/anshulk/miniconda3/envs/hnetasr/lib/python3.9/site-packages/torch/distributed/run.py", line 797, in run
    elastic_launch(
  File "/home/anshulk/miniconda3/envs/hnetasr/lib/python3.9/site-packages/torch/distributed/launcher/api.py", line 134, in __call__
    return launch_agent(self._config, self._entrypoint, list(args))
  File "/home/anshulk/miniconda3/envs/hnetasr/lib/python3.9/site-packages/torch/distributed/launcher/api.py", line 264, in launch_agent
    raise ChildFailedError(
torch.distributed.elastic.multiprocessing.errors.ChildFailedError: 
============================================================
train_CTC.py FAILED
------------------------------------------------------------
Failures:
[1]:
  time      : 2026-04-05_06:22:39
  host      : babel-n5-20.ib
  rank      : 1 (local_rank: 1)
  exitcode  : 1 (pid: 2778951)
  error_file: <N/A>
  traceback : To enable traceback see: https://pytorch.org/docs/stable/elastic/errors.html
[2]:
  time      : 2026-04-05_06:22:39
  host      : babel-n5-20.ib
  rank      : 2 (local_rank: 2)
  exitcode  : 1 (pid: 2778952)
  error_file: <N/A>
  traceback : To enable traceback see: https://pytorch.org/docs/stable/elastic/errors.html
[3]:
  time      : 2026-04-05_06:22:39
  host      : babel-n5-20.ib
  rank      : 3 (local_rank: 3)
  exitcode  : 1 (pid: 2778953)
  error_file: <N/A>
  traceback : To enable traceback see: https://pytorch.org/docs/stable/elastic/errors.html
------------------------------------------------------------
Root Cause (first observed failure):
[0]:
  time      : 2026-04-05_06:22:39
  host      : babel-n5-20.ib
  rank      : 0 (local_rank: 0)
  exitcode  : 1 (pid: 2778949)
  error_file: <N/A>
  traceback : To enable traceback see: https://pytorch.org/docs/stable/elastic/errors.html
============================================================
