============================================================
conformer_large CTC — 4x A6000, general, fp32 restart
============================================================
Job ID   : 6907548
Node     : babel-w9-28
Start    : Wed Apr  1 07:51:23 EDT 2026
============================================================
Python : /home/anshulk/miniconda3/envs/hnetasr/bin/python
GPUs   : NVIDIA RTX A6000, 49140 MiB
NVIDIA RTX A6000, 49140 MiB
NVIDIA RTX A6000, 49140 MiB
NVIDIA RTX A6000, 49140 MiB

Master port: 52923
speechbrain.core - Beginning experiment!
speechbrain.core - Experiment folder: /data/user_data/anshulk/hnet_asr/results/conformer_large_CTC
librispeech_prepare - Skipping preparation, completed in previous run.
speechbrain.tokenizers.SentencePiece - Tokenizer is already trained.
speechbrain.tokenizers.SentencePiece - ==== Loading Tokenizer ===
speechbrain.tokenizers.SentencePiece - Tokenizer path: /data/user_data/anshulk/hnet_asr/results/conformer_large_CTC/save/31_char.model
speechbrain.tokenizers.SentencePiece - Tokenizer vocab_size: 31
speechbrain.tokenizers.SentencePiece - Tokenizer type: char
speechbrain.dataio.sampler - Batch quantisation in latent space
speechbrain.dataio.sampler - DynamicBatchSampler: Generating dynamic batches
speechbrain.dataio.sampler - Batch quantisation in latent space
speechbrain.dataio.sampler - DynamicBatchSampler: Generating dynamic batches
speechbrain.core - Info: precision arg overridden by command line input to: fp32
speechbrain.core - Info: max_grad_norm arg from hparam file is used
speechbrain.core - Info: grad_accumulation_factor arg from hparam file is used
speechbrain.core - Gradscaler enabled: False. Using precision: fp32.
speechbrain.core - 28.8M trainable parameters in ASR
speechbrain.utils.checkpoints - Loading a checkpoint from /data/user_data/anshulk/hnet_asr/results/conformer_large_CTC/save/CKPT+2026-04-01+03-18-26+00
speechbrain.utils.epoch_loop - Going into epoch 4
speechbrain.dataio.sampler - DynamicBatchSampler: Generating dynamic batches
speechbrain.utils.checkpoints - Saved an end-of-epoch checkpoint in /data/user_data/anshulk/hnet_asr/results/conformer_large_CTC/save/CKPT+2026-04-01+08-07-57+00
speechbrain.utils.epoch_loop - Going into epoch 5
speechbrain.dataio.sampler - DynamicBatchSampler: Generating dynamic batches
speechbrain.utils.checkpoints - Saved an end-of-epoch checkpoint in /data/user_data/anshulk/hnet_asr/results/conformer_large_CTC/save/CKPT+2026-04-01+08-24-02+00
speechbrain.utils.epoch_loop - Going into epoch 6
speechbrain.dataio.sampler - DynamicBatchSampler: Generating dynamic batches
speechbrain.utils.checkpoints - Saved an end-of-epoch checkpoint in /data/user_data/anshulk/hnet_asr/results/conformer_large_CTC/save/CKPT+2026-04-01+08-40-01+00
speechbrain.utils.epoch_loop - Going into epoch 7
speechbrain.dataio.sampler - DynamicBatchSampler: Generating dynamic batches
speechbrain.utils.checkpoints - Saved an end-of-epoch checkpoint in /data/user_data/anshulk/hnet_asr/results/conformer_large_CTC/save/CKPT+2026-04-01+08-55-58+00
speechbrain.utils.epoch_loop - Going into epoch 8
speechbrain.dataio.sampler - DynamicBatchSampler: Generating dynamic batches
speechbrain.utils.checkpoints - Saved an end-of-epoch checkpoint in /data/user_data/anshulk/hnet_asr/results/conformer_large_CTC/save/CKPT+2026-04-01+09-11-53+00
speechbrain.utils.epoch_loop - Going into epoch 9
speechbrain.dataio.sampler - DynamicBatchSampler: Generating dynamic batches
speechbrain.utils.checkpoints - Saved an end-of-epoch checkpoint in /data/user_data/anshulk/hnet_asr/results/conformer_large_CTC/save/CKPT+2026-04-01+09-27-50+00
speechbrain.utils.epoch_loop - Going into epoch 10
speechbrain.dataio.sampler - DynamicBatchSampler: Generating dynamic batches
speechbrain.utils.checkpoints - Saved an end-of-epoch checkpoint in /data/user_data/anshulk/hnet_asr/results/conformer_large_CTC/save/CKPT+2026-04-01+09-43-50+00
speechbrain.utils.epoch_loop - Going into epoch 11
speechbrain.dataio.sampler - DynamicBatchSampler: Generating dynamic batches
speechbrain.utils.checkpoints - Saved an end-of-epoch checkpoint in /data/user_data/anshulk/hnet_asr/results/conformer_large_CTC/save/CKPT+2026-04-01+09-59-47+00
speechbrain.utils.epoch_loop - Going into epoch 12
speechbrain.dataio.sampler - DynamicBatchSampler: Generating dynamic batches
speechbrain.utils.checkpoints - Saved an end-of-epoch checkpoint in /data/user_data/anshulk/hnet_asr/results/conformer_large_CTC/save/CKPT+2026-04-01+10-15-41+00
speechbrain.utils.epoch_loop - Going into epoch 13
speechbrain.dataio.sampler - DynamicBatchSampler: Generating dynamic batches
speechbrain.utils.checkpoints - Saved an end-of-epoch checkpoint in /data/user_data/anshulk/hnet_asr/results/conformer_large_CTC/save/CKPT+2026-04-01+10-31-37+00
speechbrain.utils.epoch_loop - Going into epoch 14
speechbrain.dataio.sampler - DynamicBatchSampler: Generating dynamic batches
speechbrain.utils.checkpoints - Saved an end-of-epoch checkpoint in /data/user_data/anshulk/hnet_asr/results/conformer_large_CTC/save/CKPT+2026-04-01+10-47-43+00
speechbrain.utils.checkpoints - Deleted checkpoint in /data/user_data/anshulk/hnet_asr/results/conformer_large_CTC/save/CKPT+2026-04-01+08-07-57+00
speechbrain.utils.epoch_loop - Going into epoch 15
speechbrain.dataio.sampler - DynamicBatchSampler: Generating dynamic batches
