============================================================
H-Mamba Large N1 — 2x A6000, preempt
============================================================
Job ID   : 6933856
Node     : babel-w9-26
Start    : Fri Apr  3 17:39:53 EDT 2026
============================================================
Python : /home/anshulk/miniconda3/envs/hnetasr/bin/python
GPUs   : NVIDIA RTX A6000, 49140 MiB
NVIDIA RTX A6000, 49140 MiB

Master port: 48429
dropout=0.1 is not used in Mamba.
dropout=0.1 is not used in Mamba.
speechbrain.core - Beginning experiment!
speechbrain.core - Experiment folder: /data/user_data/anshulk/hnet_asr/results/hmamba_large_N1
librispeech_prepare - Skipping preparation, completed in previous run.
speechbrain.dataio.sampler - Batch quantisation in latent space
speechbrain.dataio.sampler - DynamicBatchSampler: Generating dynamic batches
speechbrain.dataio.sampler - Batch quantisation in latent space
speechbrain.dataio.sampler - DynamicBatchSampler: Generating dynamic batches
speechbrain.utils.fetching - Fetch lm.ckpt: Using existing file/symlink in /data/user_data/anshulk/hnet_asr/results/hmamba_large_N1/save/lm.ckpt.
speechbrain.utils.fetching - Fetch tokenizer.ckpt: Using existing file/symlink in /data/user_data/anshulk/hnet_asr/results/hmamba_large_N1/save/tokenizer.ckpt.
speechbrain.utils.parameter_transfer - Loading pretrained files for: lm, tokenizer
[HMambaEncoderWrapper] Created with 6 stage0 layers, 6 stage1 layers
[HMambaEncoderWrapper] Target compression N=1.0 (r≈1.00)
speechbrain.core - Info: precision arg overridden by command line input to: bf16
speechbrain.core - Info: max_grad_norm arg from hparam file is used
speechbrain.core - Info: grad_accumulation_factor arg from hparam file is used
speechbrain.core - Gradscaler enabled: False. Using precision: bf16.
speechbrain.core - 115.2M trainable parameters in HMambaASR
[HMambaEncoderWrapper] Created with 6 stage0 layers, 6 stage1 layers
[HMambaEncoderWrapper] Target compression N=1.0 (r≈1.00)
__main__ - [H-Mamba] Encoder wrapped with DC (split_idx=6, target_N=1.0)
__main__ - [H-Mamba] DC RoutingModule has 4 parameters
__main__ - [H-Mamba]   - temperature: shape=torch.Size([]), requires_grad=True
__main__ - [H-Mamba]   - boundary_bias: shape=torch.Size([]), requires_grad=True
__main__ - [H-Mamba]   - q_proj_layer.weight: shape=torch.Size([512, 512]), requires_grad=True
__main__ - [H-Mamba]   - k_proj_layer.weight: shape=torch.Size([512, 512]), requires_grad=True
speechbrain.utils.checkpoints - Loading a checkpoint from /data/user_data/anshulk/hnet_asr/results/hmamba_large_N1/save/CKPT+2026-04-03+17-17-29+00
__main__ - [H-Mamba] DC params in optimizer: True
HMamba.hmamba_L_N1 - HMambaLogger initialized: /data/user_data/anshulk/hnet_asr/results/hmamba_large_N1/hmamba_logs
HMamba.hmamba_L_N1 - TensorBoard: enabled
HMamba.hmamba_L_N1 - Config saved to /data/user_data/anshulk/hnet_asr/results/hmamba_large_N1/hmamba_logs/experiment_config.json
speechbrain.utils.epoch_loop - Going into epoch 35
__main__ - [H-Mamba] Epoch 35: target_N=1.00, gumbel_tau=1.000, temp=0.650, bias=0.646
HMamba.hmamba_L_N1 - ============================================================
HMamba.hmamba_L_N1 - Starting Epoch 35
HMamba.hmamba_L_N1 - ============================================================
speechbrain.dataio.sampler - DynamicBatchSampler: Generating dynamic batches
speechbrain.dataio.sampler - DynamicBatchSampler: Generating dynamic batches
HMamba.hmamba_L_N1 - E35 B0000 | loss=15.286 (ctc=24.390 seq=11.384 dc=1.2238) | comp=0.899 (target=1.000) | bias=0.646 (grad=0.0000) | VRAM=17572MB | t=2139ms
HMamba.hmamba_L_N1 - E35 B0050 | loss=16.794 (ctc=25.927 seq=12.880 dc=1.1815) | comp=0.904 (target=1.000) | bias=0.647 (grad=0.0000) | VRAM=20086MB | t=191ms
HMamba.hmamba_L_N1 - E35 B0100 | loss=11.199 (ctc=17.406 seq=8.539 dc=1.1897) | comp=0.902 (target=1.000) | bias=0.647 (grad=0.0000) | VRAM=20412MB | t=190ms
HMamba.hmamba_L_N1 - E35 B0150 | loss=11.050 (ctc=16.500 seq=8.715 dc=1.1253) | comp=0.909 (target=1.000) | bias=0.647 (grad=0.0000) | VRAM=20412MB | t=193ms
HMamba.hmamba_L_N1 - E35 B0200 | loss=11.041 (ctc=16.356 seq=8.763 dc=1.1642) | comp=0.905 (target=1.000) | bias=0.646 (grad=0.0000) | VRAM=20448MB | t=202ms
HMamba.hmamba_L_N1 - E35 B0250 | loss=16.146 (ctc=25.517 seq=12.130 dc=1.1832) | comp=0.904 (target=1.000) | bias=0.646 (grad=0.0000) | VRAM=20448MB | t=189ms
HMamba.hmamba_L_N1 - E35 B0300 | loss=11.256 (ctc=16.966 seq=8.809 dc=1.1431) | comp=0.906 (target=1.000) | bias=0.646 (grad=0.0000) | VRAM=20448MB | t=195ms
HMamba.hmamba_L_N1 - E35 B0350 | loss=12.471 (ctc=19.935 seq=9.272 dc=1.1326) | comp=0.908 (target=1.000) | bias=0.646 (grad=0.0000) | VRAM=20458MB | t=192ms
HMamba.hmamba_L_N1 - E35 B0400 | loss=12.177 (ctc=19.373 seq=9.093 dc=1.1122) | comp=0.909 (target=1.000) | bias=0.645 (grad=0.0000) | VRAM=20458MB | t=200ms
HMamba.hmamba_L_N1 - E35 B0450 | loss=13.388 (ctc=22.072 seq=9.666 dc=1.1669) | comp=0.905 (target=1.000) | bias=0.645 (grad=0.0000) | VRAM=20458MB | t=202ms
HMamba.hmamba_L_N1 - E35 B0500 | loss=11.169 (ctc=17.523 seq=8.445 dc=1.1615) | comp=0.905 (target=1.000) | bias=0.645 (grad=0.0000) | VRAM=20458MB | t=189ms
HMamba.hmamba_L_N1 - E35 B0550 | loss=14.451 (ctc=22.384 seq=11.051 dc=1.1807) | comp=0.902 (target=1.000) | bias=0.645 (grad=0.0000) | VRAM=20458MB | t=188ms
HMamba.hmamba_L_N1 - E35 B0600 | loss=14.084 (ctc=24.054 seq=9.812 dc=1.2383) | comp=0.897 (target=1.000) | bias=0.644 (grad=0.0000) | VRAM=20458MB | t=204ms
HMamba.hmamba_L_N1 - E35 B0650 | loss=12.608 (ctc=19.763 seq=9.541 dc=1.1683) | comp=0.905 (target=1.000) | bias=0.644 (grad=0.0000) | VRAM=20458MB | t=190ms
HMamba.hmamba_L_N1 - E35 B0700 | loss=11.579 (ctc=18.171 seq=8.753 dc=1.2134) | comp=0.899 (target=1.000) | bias=0.644 (grad=0.0000) | VRAM=20458MB | t=200ms
HMamba.hmamba_L_N1 - E35 B0750 | loss=8.886 (ctc=13.487 seq=6.914 dc=1.1600) | comp=0.889 (target=1.000) | bias=0.643 (grad=0.0000) | VRAM=20458MB | t=224ms
HMamba.hmamba_L_N1 - E35 B0800 | loss=13.946 (ctc=22.764 seq=10.167 dc=1.1409) | comp=0.906 (target=1.000) | bias=0.643 (grad=0.0000) | VRAM=20458MB | t=200ms
HMamba.hmamba_L_N1 - E35 B0850 | loss=13.133 (ctc=19.810 seq=10.272 dc=1.1506) | comp=0.907 (target=1.000) | bias=0.643 (grad=0.0000) | VRAM=20458MB | t=188ms
HMamba.hmamba_L_N1 - E35 B0900 | loss=12.107 (ctc=18.322 seq=9.444 dc=1.2282) | comp=0.899 (target=1.000) | bias=0.642 (grad=0.0000) | VRAM=20458MB | t=199ms
HMamba.hmamba_L_N1 - E35 B0950 | loss=14.200 (ctc=22.879 seq=10.480 dc=1.2972) | comp=0.893 (target=1.000) | bias=0.643 (grad=0.0000) | VRAM=20458MB | t=186ms
HMamba.hmamba_L_N1 - E35 B1000 | loss=12.231 (ctc=19.838 seq=8.971 dc=1.2120) | comp=0.901 (target=1.000) | bias=0.643 (grad=0.0000) | VRAM=20458MB | t=206ms
HMamba.hmamba_L_N1 - E35 B1050 | loss=12.721 (ctc=20.029 seq=9.590 dc=1.2412) | comp=0.897 (target=1.000) | bias=0.644 (grad=0.0000) | VRAM=20458MB | t=193ms
HMamba.hmamba_L_N1 - E35 B1100 | loss=13.224 (ctc=21.088 seq=9.853 dc=1.2085) | comp=0.900 (target=1.000) | bias=0.644 (grad=0.0000) | VRAM=20458MB | t=194ms
HMamba.hmamba_L_N1 - E35 B1150 | loss=12.153 (ctc=19.085 seq=9.183 dc=1.3027) | comp=0.888 (target=1.000) | bias=0.644 (grad=0.0000) | VRAM=20458MB | t=197ms
HMamba.hmamba_L_N1 - E35 B1200 | loss=13.402 (ctc=21.789 seq=9.807 dc=1.1843) | comp=0.904 (target=1.000) | bias=0.644 (grad=0.0000) | VRAM=20458MB | t=201ms
HMamba.hmamba_L_N1 - E35 B1250 | loss=12.087 (ctc=19.650 seq=8.846 dc=1.2472) | comp=0.899 (target=1.000) | bias=0.644 (grad=0.0000) | VRAM=20458MB | t=200ms
HMamba.hmamba_L_N1 - E35 B1300 | loss=12.702 (ctc=19.862 seq=9.634 dc=1.1764) | comp=0.906 (target=1.000) | bias=0.644 (grad=0.0000) | VRAM=20458MB | t=196ms
HMamba.hmamba_L_N1 - E35 B1350 | loss=12.601 (ctc=18.732 seq=9.973 dc=1.2192) | comp=0.901 (target=1.000) | bias=0.644 (grad=0.0000) | VRAM=20458MB | t=200ms
HMamba.hmamba_L_N1 - E35 B1400 | loss=13.720 (ctc=21.896 seq=10.216 dc=1.1504) | comp=0.905 (target=1.000) | bias=0.644 (grad=0.0000) | VRAM=20458MB | t=189ms
HMamba.hmamba_L_N1 - E35 B1450 | loss=15.528 (ctc=25.127 seq=11.414 dc=1.2233) | comp=0.900 (target=1.000) | bias=0.643 (grad=0.0000) | VRAM=20458MB | t=199ms
HMamba.hmamba_L_N1 - E35 B1500 | loss=11.929 (ctc=18.585 seq=9.076 dc=1.2248) | comp=0.899 (target=1.000) | bias=0.643 (grad=0.0000) | VRAM=20458MB | t=194ms
HMamba.hmamba_L_N1 - E35 B1550 | loss=13.816 (ctc=22.598 seq=10.053 dc=1.2361) | comp=0.899 (target=1.000) | bias=0.642 (grad=0.0000) | VRAM=20458MB | t=189ms
HMamba.hmamba_L_N1 - E35 B1600 | loss=13.680 (ctc=22.175 seq=10.039 dc=1.2053) | comp=0.903 (target=1.000) | bias=0.642 (grad=0.0000) | VRAM=20458MB | t=205ms
HMamba.hmamba_L_N1 - E35 B1650 | loss=12.894 (ctc=20.746 seq=9.529 dc=1.2828) | comp=0.895 (target=1.000) | bias=0.642 (grad=0.0000) | VRAM=20458MB | t=193ms
HMamba.hmamba_L_N1 - E35 B1700 | loss=11.702 (ctc=18.145 seq=8.940 dc=1.1948) | comp=0.903 (target=1.000) | bias=0.642 (grad=0.0000) | VRAM=20458MB | t=199ms
HMamba.hmamba_L_N1 - E35 B1750 | loss=14.313 (ctc=23.382 seq=10.426 dc=1.2965) | comp=0.894 (target=1.000) | bias=0.642 (grad=0.0000) | VRAM=20458MB | t=191ms
HMamba.hmamba_L_N1 - E35 B1800 | loss=13.907 (ctc=22.051 seq=10.417 dc=1.2770) | comp=0.894 (target=1.000) | bias=0.642 (grad=0.0000) | VRAM=20458MB | t=196ms
HMamba.hmamba_L_N1 - E35 B1850 | loss=10.721 (ctc=16.258 seq=8.348 dc=1.2187) | comp=0.900 (target=1.000) | bias=0.642 (grad=0.0000) | VRAM=20458MB | t=190ms
HMamba.hmamba_L_N1 - E35 B1900 | loss=14.246 (ctc=23.672 seq=10.206 dc=1.1703) | comp=0.903 (target=1.000) | bias=0.642 (grad=0.0000) | VRAM=20458MB | t=194ms
HMamba.hmamba_L_N1 - E35 B1950 | loss=10.615 (ctc=16.504 seq=8.091 dc=1.2326) | comp=0.899 (target=1.000) | bias=0.642 (grad=0.0000) | VRAM=20458MB | t=202ms
HMamba.hmamba_L_N1 - E35 B2000 | loss=14.516 (ctc=22.836 seq=10.951 dc=1.2209) | comp=0.900 (target=1.000) | bias=0.642 (grad=0.0000) | VRAM=20458MB | t=209ms
HMamba.hmamba_L_N1 - E35 B2050 | loss=13.887 (ctc=21.415 seq=10.660 dc=1.1910) | comp=0.902 (target=1.000) | bias=0.642 (grad=0.0000) | VRAM=20458MB | t=198ms
HMamba.hmamba_L_N1 - E35 B2100 | loss=11.524 (ctc=18.484 seq=8.541 dc=1.2255) | comp=0.895 (target=1.000) | bias=0.642 (grad=0.0000) | VRAM=20458MB | t=198ms
HMamba.hmamba_L_N1 - E35 B2150 | loss=11.304 (ctc=16.509 seq=9.073 dc=1.1754) | comp=0.904 (target=1.000) | bias=0.643 (grad=0.0000) | VRAM=20474MB | t=188ms
HMamba.hmamba_L_N1 - E35 B2200 | loss=13.369 (ctc=21.805 seq=9.754 dc=1.1973) | comp=0.901 (target=1.000) | bias=0.643 (grad=0.0000) | VRAM=20474MB | t=202ms
HMamba.hmamba_L_N1 - E35 B2250 | loss=9.712 (ctc=12.463 seq=8.533 dc=1.2968) | comp=0.897 (target=1.000) | bias=0.643 (grad=0.0000) | VRAM=20526MB | t=122ms
HMamba.hmamba_L_N1 - E35 B2300 | loss=13.335 (ctc=20.531 seq=10.251 dc=1.2428) | comp=0.895 (target=1.000) | bias=0.643 (grad=0.0000) | VRAM=20526MB | t=196ms
HMamba.hmamba_L_N1 - E35 B2350 | loss=10.985 (ctc=17.022 seq=8.398 dc=1.1697) | comp=0.904 (target=1.000) | bias=0.643 (grad=0.0000) | VRAM=20526MB | t=191ms
HMamba.hmamba_L_N1 - E35 B2400 | loss=15.715 (ctc=25.080 seq=11.701 dc=1.1567) | comp=0.907 (target=1.000) | bias=0.643 (grad=0.0000) | VRAM=20526MB | t=191ms
HMamba.hmamba_L_N1 - E35 B2450 | loss=11.959 (ctc=18.963 seq=8.958 dc=1.1495) | comp=0.905 (target=1.000) | bias=0.643 (grad=0.0000) | VRAM=20526MB | t=191ms
HMamba.hmamba_L_N1 - E35 B2500 | loss=12.028 (ctc=18.619 seq=9.203 dc=1.1705) | comp=0.905 (target=1.000) | bias=0.643 (grad=0.0000) | VRAM=20526MB | t=197ms
HMamba.hmamba_L_N1 - E35 B2550 | loss=13.418 (ctc=22.100 seq=9.697 dc=1.1375) | comp=0.906 (target=1.000) | bias=0.643 (grad=0.0000) | VRAM=20526MB | t=197ms
HMamba.hmamba_L_N1 - E35 B2600 | loss=14.636 (ctc=23.664 seq=10.767 dc=1.2023) | comp=0.901 (target=1.000) | bias=0.642 (grad=0.0000) | VRAM=20526MB | t=194ms
HMamba.hmamba_L_N1 - E35 B2650 | loss=11.472 (ctc=18.260 seq=8.562 dc=1.2110) | comp=0.900 (target=1.000) | bias=0.642 (grad=0.0000) | VRAM=20532MB | t=189ms
HMamba.hmamba_L_N1 - E35 B2700 | loss=11.046 (ctc=17.285 seq=8.373 dc=1.1226) | comp=0.909 (target=1.000) | bias=0.642 (grad=0.0000) | VRAM=20532MB | t=198ms
HMamba.hmamba_L_N1 - E35 B2750 | loss=11.742 (ctc=17.308 seq=9.357 dc=1.1610) | comp=0.905 (target=1.000) | bias=0.642 (grad=0.0000) | VRAM=20532MB | t=190ms
HMamba.hmamba_L_N1 - E35 B2800 | loss=15.276 (ctc=23.661 seq=11.682 dc=1.1902) | comp=0.902 (target=1.000) | bias=0.642 (grad=0.0000) | VRAM=20532MB | t=191ms
HMamba.hmamba_L_N1 - E35 B2850 | loss=13.842 (ctc=21.099 seq=10.732 dc=1.1566) | comp=0.906 (target=1.000) | bias=0.642 (grad=0.0000) | VRAM=20532MB | t=201ms
HMamba.hmamba_L_N1 - E35 B2900 | loss=16.394 (ctc=25.953 seq=12.297 dc=1.2167) | comp=0.900 (target=1.000) | bias=0.641 (grad=0.0000) | VRAM=20532MB | t=194ms
HMamba.hmamba_L_N1 - E35 B2950 | loss=14.691 (ctc=22.190 seq=11.477 dc=1.1303) | comp=0.908 (target=1.000) | bias=0.641 (grad=0.0000) | VRAM=20532MB | t=188ms
__main__ - [H-Mamba] Epoch 35: compression=0.902, dc_loss=1.1975, target_N=1.00
speechbrain.dataio.sampler - DynamicBatchSampler: Generating dynamic batches
HMamba.hmamba_L_N1 - 
============================================================
HMamba.hmamba_L_N1 - Epoch 35 Summary
HMamba.hmamba_L_N1 - ============================================================
HMamba.hmamba_L_N1 - Training:
HMamba.hmamba_L_N1 -   Loss: 13.1336 (CTC=20.6777, Seq=9.9004, DC=1.1975)
HMamba.hmamba_L_N1 - Validation:
HMamba.hmamba_L_N1 -   Loss: 6.0628, ACC: 0.9724
HMamba.hmamba_L_N1 - Dynamic Chunking:
HMamba.hmamba_L_N1 -   Compression: 0.902 ± 0.004 (target: 1.000)
HMamba.hmamba_L_N1 -   Avg chunks: 0.0, Boundary prob: 0.000
HMamba.hmamba_L_N1 - Performance:
HMamba.hmamba_L_N1 -   RTF: 0.0011 (924.8x realtime)
HMamba.hmamba_L_N1 -   Epoch time: 1994.5s, Avg batch: 197.3ms
HMamba.hmamba_L_N1 -   Audio processed: 512.33 hours
HMamba.hmamba_L_N1 - GPU:
HMamba.hmamba_L_N1 -   Peak VRAM: 17663MB, Avg VRAM: 20460MB
HMamba.hmamba_L_N1 - Optimization:
HMamba.hmamba_L_N1 -   LR: 0.000428, Grad norm: 1.8117 (max: 72.9813)
HMamba.hmamba_L_N1 - ============================================================

speechbrain.utils.checkpoints - Saving an empty state_dict for <torch.cuda.amp.grad_scaler.GradScaler object at 0x1465ed056d60> in /data/user_data/anshulk/hnet_asr/results/hmamba_large_N1/save/CKPT+2026-04-03+18-13-29+00/scaler.ckpt.
speechbrain.utils.checkpoints - Saved an end-of-epoch checkpoint in /data/user_data/anshulk/hnet_asr/results/hmamba_large_N1/save/CKPT+2026-04-03+18-13-29+00
speechbrain.utils.checkpoints - Deleted checkpoint in /data/user_data/anshulk/hnet_asr/results/hmamba_large_N1/save/CKPT+2026-04-03+11-54-01+00
speechbrain.utils.epoch_loop - Going into epoch 36
__main__ - [H-Mamba] Epoch 36: target_N=1.00, gumbel_tau=1.000, temp=0.651, bias=0.641
HMamba.hmamba_L_N1 - ============================================================
HMamba.hmamba_L_N1 - Starting Epoch 36
HMamba.hmamba_L_N1 - ============================================================
speechbrain.dataio.sampler - DynamicBatchSampler: Generating dynamic batches
speechbrain.dataio.sampler - DynamicBatchSampler: Generating dynamic batches
HMamba.hmamba_L_N1 - E36 B0000 | loss=10.514 (ctc=16.584 seq=7.912 dc=1.1837) | comp=0.904 (target=1.000) | bias=0.641 (grad=0.0000) | VRAM=20532MB | t=204ms
HMamba.hmamba_L_N1 - E36 B0050 | loss=10.596 (ctc=16.630 seq=8.010 dc=1.2018) | comp=0.902 (target=1.000) | bias=0.641 (grad=0.0000) | VRAM=20532MB | t=194ms
HMamba.hmamba_L_N1 - E36 B0100 | loss=12.653 (ctc=19.405 seq=9.760 dc=1.1857) | comp=0.903 (target=1.000) | bias=0.641 (grad=0.0000) | VRAM=20532MB | t=196ms
HMamba.hmamba_L_N1 - E36 B0150 | loss=14.872 (ctc=23.902 seq=11.002 dc=1.2232) | comp=0.901 (target=1.000) | bias=0.640 (grad=0.0000) | VRAM=20532MB | t=199ms
HMamba.hmamba_L_N1 - E36 B0200 | loss=10.695 (ctc=16.132 seq=8.365 dc=1.2138) | comp=0.900 (target=1.000) | bias=0.640 (grad=0.0000) | VRAM=20532MB | t=195ms
HMamba.hmamba_L_N1 - E36 B0250 | loss=13.842 (ctc=22.995 seq=9.919 dc=1.2361) | comp=0.900 (target=1.000) | bias=0.640 (grad=0.0000) | VRAM=20532MB | t=196ms
HMamba.hmamba_L_N1 - E36 B0300 | loss=13.017 (ctc=19.588 seq=10.200 dc=1.2123) | comp=0.901 (target=1.000) | bias=0.641 (grad=0.0000) | VRAM=20532MB | t=191ms
HMamba.hmamba_L_N1 - E36 B0350 | loss=12.550 (ctc=19.543 seq=9.553 dc=1.2027) | comp=0.902 (target=1.000) | bias=0.641 (grad=0.0000) | VRAM=20534MB | t=205ms
HMamba.hmamba_L_N1 - E36 B0400 | loss=11.984 (ctc=18.459 seq=9.208 dc=1.1668) | comp=0.904 (target=1.000) | bias=0.641 (grad=0.0000) | VRAM=20534MB | t=205ms
HMamba.hmamba_L_N1 - E36 B0450 | loss=11.149 (ctc=17.045 seq=8.622 dc=1.2011) | comp=0.902 (target=1.000) | bias=0.641 (grad=0.0000) | VRAM=20534MB | t=192ms
HMamba.hmamba_L_N1 - E36 B0500 | loss=11.150 (ctc=17.691 seq=8.346 dc=1.1432) | comp=0.907 (target=1.000) | bias=0.641 (grad=0.0000) | VRAM=20534MB | t=195ms
HMamba.hmamba_L_N1 - E36 B0550 | loss=12.402 (ctc=19.846 seq=9.212 dc=1.1931) | comp=0.903 (target=1.000) | bias=0.641 (grad=0.0000) | VRAM=20534MB | t=199ms
HMamba.hmamba_L_N1 - E36 B0600 | loss=13.580 (ctc=23.123 seq=9.490 dc=1.0967) | comp=0.911 (target=1.000) | bias=0.641 (grad=0.0000) | VRAM=20534MB | t=198ms
HMamba.hmamba_L_N1 - E36 B0650 | loss=11.033 (ctc=17.312 seq=8.341 dc=1.2927) | comp=0.894 (target=1.000) | bias=0.641 (grad=0.0000) | VRAM=20534MB | t=196ms
HMamba.hmamba_L_N1 - E36 B0700 | loss=11.795 (ctc=18.629 seq=8.866 dc=1.1497) | comp=0.907 (target=1.000) | bias=0.641 (grad=0.0000) | VRAM=20534MB | t=195ms
HMamba.hmamba_L_N1 - E36 B0750 | loss=11.506 (ctc=18.179 seq=8.647 dc=1.2006) | comp=0.902 (target=1.000) | bias=0.640 (grad=0.0000) | VRAM=20534MB | t=199ms
HMamba.hmamba_L_N1 - E36 B0800 | loss=11.917 (ctc=19.233 seq=8.781 dc=1.1554) | comp=0.905 (target=1.000) | bias=0.640 (grad=0.0000) | VRAM=20534MB | t=197ms
HMamba.hmamba_L_N1 - E36 B0850 | loss=16.878 (ctc=27.900 seq=12.155 dc=1.2026) | comp=0.902 (target=1.000) | bias=0.640 (grad=0.0000) | VRAM=20534MB | t=194ms
HMamba.hmamba_L_N1 - E36 B0900 | loss=12.239 (ctc=18.617 seq=9.505 dc=1.1106) | comp=0.909 (target=1.000) | bias=0.641 (grad=0.0000) | VRAM=20534MB | t=199ms
HMamba.hmamba_L_N1 - E36 B0950 | loss=12.072 (ctc=19.136 seq=9.045 dc=1.1536) | comp=0.905 (target=1.000) | bias=0.641 (grad=0.0000) | VRAM=20534MB | t=206ms
HMamba.hmamba_L_N1 - E36 B1000 | loss=13.726 (ctc=22.819 seq=9.829 dc=1.1770) | comp=0.904 (target=1.000) | bias=0.642 (grad=0.0000) | VRAM=20534MB | t=200ms
HMamba.hmamba_L_N1 - E36 B1050 | loss=14.025 (ctc=21.762 seq=10.709 dc=1.1850) | comp=0.902 (target=1.000) | bias=0.642 (grad=0.0000) | VRAM=20534MB | t=190ms
HMamba.hmamba_L_N1 - E36 B1100 | loss=13.257 (ctc=20.654 seq=10.088 dc=1.1714) | comp=0.904 (target=1.000) | bias=0.641 (grad=0.0000) | VRAM=20534MB | t=192ms
HMamba.hmamba_L_N1 - E36 B1150 | loss=12.585 (ctc=20.185 seq=9.328 dc=1.2014) | comp=0.898 (target=1.000) | bias=0.641 (grad=0.0000) | VRAM=20534MB | t=214ms
HMamba.hmamba_L_N1 - E36 B1200 | loss=13.253 (ctc=19.479 seq=10.585 dc=1.2732) | comp=0.896 (target=1.000) | bias=0.641 (grad=0.0000) | VRAM=20534MB | t=196ms
HMamba.hmamba_L_N1 - E36 B1250 | loss=12.016 (ctc=18.080 seq=9.417 dc=1.1559) | comp=0.906 (target=1.000) | bias=0.641 (grad=0.0000) | VRAM=20534MB | t=206ms
HMamba.hmamba_L_N1 - E36 B1300 | loss=14.547 (ctc=22.550 seq=11.118 dc=1.2280) | comp=0.901 (target=1.000) | bias=0.640 (grad=0.0000) | VRAM=20534MB | t=194ms
HMamba.hmamba_L_N1 - E36 B1350 | loss=12.300 (ctc=18.994 seq=9.432 dc=1.2039) | comp=0.901 (target=1.000) | bias=0.641 (grad=0.0000) | VRAM=20534MB | t=193ms
HMamba.hmamba_L_N1 - E36 B1400 | loss=11.187 (ctc=17.314 seq=8.561 dc=1.1855) | comp=0.903 (target=1.000) | bias=0.640 (grad=0.0000) | VRAM=20534MB | t=208ms
HMamba.hmamba_L_N1 - E36 B1450 | loss=11.214 (ctc=17.175 seq=8.659 dc=1.1955) | comp=0.902 (target=1.000) | bias=0.640 (grad=0.0000) | VRAM=20534MB | t=192ms
HMamba.hmamba_L_N1 - E36 B1500 | loss=11.083 (ctc=16.738 seq=8.660 dc=1.1278) | comp=0.908 (target=1.000) | bias=0.641 (grad=0.0000) | VRAM=20542MB | t=202ms
HMamba.hmamba_L_N1 - E36 B1550 | loss=11.532 (ctc=17.549 seq=8.953 dc=1.1231) | comp=0.909 (target=1.000) | bias=0.640 (grad=0.0000) | VRAM=20542MB | t=195ms
HMamba.hmamba_L_N1 - E36 B1600 | loss=14.524 (ctc=23.036 seq=10.876 dc=1.1848) | comp=0.904 (target=1.000) | bias=0.641 (grad=0.0000) | VRAM=20542MB | t=198ms
HMamba.hmamba_L_N1 - E36 B1650 | loss=14.321 (ctc=22.654 seq=10.750 dc=1.1381) | comp=0.906 (target=1.000) | bias=0.641 (grad=0.0000) | VRAM=20542MB | t=192ms
HMamba.hmamba_L_N1 - E36 B1700 | loss=14.706 (ctc=23.264 seq=11.038 dc=1.2251) | comp=0.900 (target=1.000) | bias=0.640 (grad=0.0000) | VRAM=20542MB | t=193ms
HMamba.hmamba_L_N1 - E36 B1750 | loss=10.059 (ctc=15.091 seq=7.903 dc=1.2284) | comp=0.897 (target=1.000) | bias=0.640 (grad=0.0000) | VRAM=20542MB | t=209ms
HMamba.hmamba_L_N1 - E36 B1800 | loss=10.420 (ctc=16.394 seq=7.860 dc=1.2104) | comp=0.902 (target=1.000) | bias=0.639 (grad=0.0000) | VRAM=20542MB | t=220ms
HMamba.hmamba_L_N1 - E36 B1850 | loss=10.597 (ctc=16.218 seq=8.189 dc=1.1573) | comp=0.906 (target=1.000) | bias=0.640 (grad=0.0000) | VRAM=20542MB | t=205ms
HMamba.hmamba_L_N1 - E36 B1900 | loss=14.280 (ctc=22.454 seq=10.777 dc=1.2307) | comp=0.898 (target=1.000) | bias=0.640 (grad=0.0000) | VRAM=20542MB | t=197ms
HMamba.hmamba_L_N1 - E36 B1950 | loss=14.732 (ctc=23.053 seq=11.167 dc=1.2711) | comp=0.897 (target=1.000) | bias=0.639 (grad=0.0000) | VRAM=20542MB | t=195ms
HMamba.hmamba_L_N1 - E36 B2000 | loss=13.286 (ctc=20.840 seq=10.049 dc=1.2414) | comp=0.898 (target=1.000) | bias=0.639 (grad=0.0000) | VRAM=20542MB | t=187ms
HMamba.hmamba_L_N1 - E36 B2050 | loss=12.696 (ctc=20.357 seq=9.413 dc=1.1992) | comp=0.902 (target=1.000) | bias=0.639 (grad=0.0000) | VRAM=20542MB | t=196ms
HMamba.hmamba_L_N1 - E36 B2100 | loss=14.068 (ctc=22.407 seq=10.494 dc=1.2223) | comp=0.900 (target=1.000) | bias=0.639 (grad=0.0000) | VRAM=20542MB | t=194ms
HMamba.hmamba_L_N1 - E36 B2150 | loss=11.276 (ctc=16.927 seq=8.854 dc=1.1519) | comp=0.906 (target=1.000) | bias=0.639 (grad=0.0000) | VRAM=20542MB | t=196ms
HMamba.hmamba_L_N1 - E36 B2200 | loss=15.475 (ctc=24.143 seq=11.760 dc=1.2330) | comp=0.900 (target=1.000) | bias=0.639 (grad=0.0000) | VRAM=20542MB | t=193ms
HMamba.hmamba_L_N1 - E36 B2250 | loss=12.697 (ctc=20.253 seq=9.459 dc=1.2419) | comp=0.898 (target=1.000) | bias=0.638 (grad=0.0000) | VRAM=20542MB | t=197ms
HMamba.hmamba_L_N1 - E36 B2300 | loss=12.876 (ctc=19.619 seq=9.986 dc=1.3254) | comp=0.892 (target=1.000) | bias=0.638 (grad=0.0000) | VRAM=20542MB | t=190ms
HMamba.hmamba_L_N1 - E36 B2350 | loss=13.963 (ctc=22.956 seq=10.109 dc=1.2581) | comp=0.898 (target=1.000) | bias=0.638 (grad=0.0000) | VRAM=20542MB | t=187ms
HMamba.hmamba_L_N1 - E36 B2400 | loss=14.305 (ctc=23.706 seq=10.277 dc=1.2919) | comp=0.894 (target=1.000) | bias=0.639 (grad=0.0000) | VRAM=20542MB | t=198ms
HMamba.hmamba_L_N1 - E36 B2450 | loss=14.060 (ctc=22.312 seq=10.523 dc=1.2065) | comp=0.901 (target=1.000) | bias=0.640 (grad=0.0000) | VRAM=20542MB | t=204ms
HMamba.hmamba_L_N1 - E36 B2500 | loss=13.967 (ctc=22.500 seq=10.310 dc=1.2486) | comp=0.898 (target=1.000) | bias=0.640 (grad=0.0000) | VRAM=20542MB | t=202ms
HMamba.hmamba_L_N1 - E36 B2550 | loss=13.786 (ctc=21.502 seq=10.479 dc=1.1543) | comp=0.906 (target=1.000) | bias=0.640 (grad=0.0000) | VRAM=20542MB | t=192ms
HMamba.hmamba_L_N1 - E36 B2600 | loss=11.553 (ctc=17.885 seq=8.839 dc=1.1468) | comp=0.906 (target=1.000) | bias=0.640 (grad=0.0000) | VRAM=20542MB | t=202ms
HMamba.hmamba_L_N1 - E36 B2650 | loss=11.426 (ctc=16.303 seq=9.335 dc=1.2397) | comp=0.900 (target=1.000) | bias=0.640 (grad=0.0000) | VRAM=20542MB | t=194ms
HMamba.hmamba_L_N1 - E36 B2700 | loss=9.893 (ctc=15.575 seq=7.459 dc=1.1944) | comp=0.903 (target=1.000) | bias=0.640 (grad=0.0000) | VRAM=20542MB | t=202ms
HMamba.hmamba_L_N1 - E36 B2750 | loss=12.763 (ctc=20.765 seq=9.334 dc=1.2255) | comp=0.901 (target=1.000) | bias=0.640 (grad=0.0000) | VRAM=20542MB | t=191ms
HMamba.hmamba_L_N1 - E36 B2800 | loss=11.504 (ctc=17.761 seq=8.822 dc=1.0998) | comp=0.910 (target=1.000) | bias=0.640 (grad=0.0000) | VRAM=20542MB | t=214ms
HMamba.hmamba_L_N1 - E36 B2850 | loss=11.527 (ctc=18.157 seq=8.685 dc=1.1703) | comp=0.904 (target=1.000) | bias=0.640 (grad=0.0000) | VRAM=20542MB | t=191ms
HMamba.hmamba_L_N1 - E36 B2900 | loss=13.583 (ctc=21.580 seq=10.156 dc=1.1818) | comp=0.903 (target=1.000) | bias=0.640 (grad=0.0000) | VRAM=20542MB | t=199ms
HMamba.hmamba_L_N1 - E36 B2950 | loss=11.975 (ctc=18.488 seq=9.184 dc=1.2142) | comp=0.899 (target=1.000) | bias=0.639 (grad=0.0000) | VRAM=20542MB | t=210ms
__main__ - [H-Mamba] Epoch 36: compression=0.902, dc_loss=1.1952, target_N=1.00
speechbrain.dataio.sampler - DynamicBatchSampler: Generating dynamic batches
HMamba.hmamba_L_N1 - 
============================================================
HMamba.hmamba_L_N1 - Epoch 36 Summary
HMamba.hmamba_L_N1 - ============================================================
HMamba.hmamba_L_N1 - Training:
HMamba.hmamba_L_N1 -   Loss: 12.8245 (CTC=20.1667, Seq=9.6778, DC=1.1952)
HMamba.hmamba_L_N1 - Validation:
HMamba.hmamba_L_N1 -   Loss: 5.6213, ACC: 0.9730
HMamba.hmamba_L_N1 - Dynamic Chunking:
HMamba.hmamba_L_N1 -   Compression: 0.902 ± 0.004 (target: 1.000)
HMamba.hmamba_L_N1 -   Avg chunks: 0.0, Boundary prob: 0.000
HMamba.hmamba_L_N1 - Performance:
HMamba.hmamba_L_N1 -   RTF: 0.0011 (934.6x realtime)
HMamba.hmamba_L_N1 -   Epoch time: 1977.3s, Avg batch: 197.8ms
HMamba.hmamba_L_N1 -   Audio processed: 513.31 hours
HMamba.hmamba_L_N1 - GPU:
HMamba.hmamba_L_N1 -   Peak VRAM: 17615MB, Avg VRAM: 20538MB
HMamba.hmamba_L_N1 - Optimization:
HMamba.hmamba_L_N1 -   LR: 0.000422, Grad norm: 1.8873 (max: 98.7054)
HMamba.hmamba_L_N1 - ============================================================

speechbrain.utils.checkpoints - Saving an empty state_dict for <torch.cuda.amp.grad_scaler.GradScaler object at 0x1465ed056d60> in /data/user_data/anshulk/hnet_asr/results/hmamba_large_N1/save/CKPT+2026-04-03+18-46-28+00/scaler.ckpt.
speechbrain.utils.checkpoints - Saved an end-of-epoch checkpoint in /data/user_data/anshulk/hnet_asr/results/hmamba_large_N1/save/CKPT+2026-04-03+18-46-28+00
speechbrain.utils.checkpoints - Deleted checkpoint in /data/user_data/anshulk/hnet_asr/results/hmamba_large_N1/save/CKPT+2026-04-03+12-27-55+00
speechbrain.utils.epoch_loop - Going into epoch 37
__main__ - [H-Mamba] Epoch 37: target_N=1.00, gumbel_tau=1.000, temp=0.651, bias=0.639
HMamba.hmamba_L_N1 - ============================================================
HMamba.hmamba_L_N1 - Starting Epoch 37
HMamba.hmamba_L_N1 - ============================================================
speechbrain.dataio.sampler - DynamicBatchSampler: Generating dynamic batches
speechbrain.dataio.sampler - DynamicBatchSampler: Generating dynamic batches
HMamba.hmamba_L_N1 - E37 B0000 | loss=12.620 (ctc=20.077 seq=9.424 dc=1.2100) | comp=0.901 (target=1.000) | bias=0.639 (grad=0.0000) | VRAM=20542MB | t=211ms
HMamba.hmamba_L_N1 - E37 B0050 | loss=12.966 (ctc=20.326 seq=9.812 dc=1.2199) | comp=0.900 (target=1.000) | bias=0.639 (grad=0.0000) | VRAM=20542MB | t=206ms
HMamba.hmamba_L_N1 - E37 B0100 | loss=10.693 (ctc=15.802 seq=8.503 dc=1.1896) | comp=0.903 (target=1.000) | bias=0.639 (grad=0.0000) | VRAM=20542MB | t=190ms
HMamba.hmamba_L_N1 - E37 B0150 | loss=14.458 (ctc=23.538 seq=10.566 dc=1.1786) | comp=0.904 (target=1.000) | bias=0.640 (grad=0.0000) | VRAM=20542MB | t=188ms
HMamba.hmamba_L_N1 - E37 B0200 | loss=12.053 (ctc=18.216 seq=9.412 dc=1.1112) | comp=0.909 (target=1.000) | bias=0.640 (grad=0.0000) | VRAM=20542MB | t=199ms
HMamba.hmamba_L_N1 - E37 B0250 | loss=9.578 (ctc=14.942 seq=7.279 dc=1.1293) | comp=0.907 (target=1.000) | bias=0.640 (grad=0.0000) | VRAM=20542MB | t=207ms
HMamba.hmamba_L_N1 - E37 B0300 | loss=10.215 (ctc=16.276 seq=7.617 dc=1.1671) | comp=0.896 (target=1.000) | bias=0.640 (grad=0.0000) | VRAM=20542MB | t=197ms
HMamba.hmamba_L_N1 - E37 B0350 | loss=14.122 (ctc=21.690 seq=10.879 dc=1.1215) | comp=0.909 (target=1.000) | bias=0.639 (grad=0.0000) | VRAM=20542MB | t=195ms
HMamba.hmamba_L_N1 - E37 B0400 | loss=12.191 (ctc=18.611 seq=9.439 dc=1.2093) | comp=0.901 (target=1.000) | bias=0.639 (grad=0.0000) | VRAM=20542MB | t=194ms
HMamba.hmamba_L_N1 - E37 B0450 | loss=14.190 (ctc=23.608 seq=10.154 dc=1.1792) | comp=0.903 (target=1.000) | bias=0.639 (grad=0.0000) | VRAM=20542MB | t=191ms
HMamba.hmamba_L_N1 - E37 B0500 | loss=12.498 (ctc=19.099 seq=9.669 dc=1.2462) | comp=0.898 (target=1.000) | bias=0.638 (grad=0.0000) | VRAM=20542MB | t=195ms
HMamba.hmamba_L_N1 - E37 B0550 | loss=14.477 (ctc=22.901 seq=10.866 dc=1.1838) | comp=0.903 (target=1.000) | bias=0.638 (grad=0.0000) | VRAM=20542MB | t=190ms
HMamba.hmamba_L_N1 - E37 B0600 | loss=11.699 (ctc=18.712 seq=8.694 dc=1.2804) | comp=0.892 (target=1.000) | bias=0.639 (grad=0.0000) | VRAM=20542MB | t=217ms
HMamba.hmamba_L_N1 - E37 B0650 | loss=11.212 (ctc=16.888 seq=8.779 dc=1.1901) | comp=0.903 (target=1.000) | bias=0.639 (grad=0.0000) | VRAM=20542MB | t=197ms
HMamba.hmamba_L_N1 - E37 B0700 | loss=16.178 (ctc=26.412 seq=11.793 dc=1.1399) | comp=0.906 (target=1.000) | bias=0.639 (grad=0.0000) | VRAM=20542MB | t=199ms
HMamba.hmamba_L_N1 - E37 B0750 | loss=11.767 (ctc=18.448 seq=8.904 dc=1.1197) | comp=0.909 (target=1.000) | bias=0.640 (grad=0.0000) | VRAM=20542MB | t=199ms
HMamba.hmamba_L_N1 - E37 B0800 | loss=13.280 (ctc=21.850 seq=9.607 dc=1.1002) | comp=0.914 (target=1.000) | bias=0.640 (grad=0.0000) | VRAM=20542MB | t=104ms
HMamba.hmamba_L_N1 - E37 B0850 | loss=16.701 (ctc=26.326 seq=12.576 dc=1.1143) | comp=0.908 (target=1.000) | bias=0.640 (grad=0.0000) | VRAM=20542MB | t=195ms
HMamba.hmamba_L_N1 - E37 B0900 | loss=9.995 (ctc=15.736 seq=7.535 dc=1.0999) | comp=0.911 (target=1.000) | bias=0.640 (grad=0.0000) | VRAM=20542MB | t=202ms
HMamba.hmamba_L_N1 - E37 B0950 | loss=11.215 (ctc=17.078 seq=8.702 dc=1.1586) | comp=0.905 (target=1.000) | bias=0.640 (grad=0.0000) | VRAM=20542MB | t=200ms
HMamba.hmamba_L_N1 - E37 B1000 | loss=12.224 (ctc=20.156 seq=8.824 dc=1.0593) | comp=0.914 (target=1.000) | bias=0.639 (grad=0.0000) | VRAM=20542MB | t=207ms
HMamba.hmamba_L_N1 - E37 B1050 | loss=12.747 (ctc=19.235 seq=9.966 dc=1.1190) | comp=0.908 (target=1.000) | bias=0.640 (grad=0.0000) | VRAM=20542MB | t=194ms
HMamba.hmamba_L_N1 - E37 B1100 | loss=15.841 (ctc=26.797 seq=11.145 dc=1.1131) | comp=0.909 (target=1.000) | bias=0.639 (grad=0.0000) | VRAM=20542MB | t=193ms
HMamba.hmamba_L_N1 - E37 B1150 | loss=14.179 (ctc=22.244 seq=10.723 dc=1.1593) | comp=0.905 (target=1.000) | bias=0.639 (grad=0.0000) | VRAM=20542MB | t=194ms
HMamba.hmamba_L_N1 - E37 B1200 | loss=10.407 (ctc=16.561 seq=7.770 dc=1.1601) | comp=0.898 (target=1.000) | bias=0.638 (grad=0.0000) | VRAM=20542MB | t=211ms
HMamba.hmamba_L_N1 - E37 B1250 | loss=9.874 (ctc=15.090 seq=7.638 dc=1.2044) | comp=0.901 (target=1.000) | bias=0.638 (grad=0.0000) | VRAM=20542MB | t=198ms
HMamba.hmamba_L_N1 - E37 B1300 | loss=12.342 (ctc=20.013 seq=9.054 dc=1.2621) | comp=0.896 (target=1.000) | bias=0.636 (grad=0.0000) | VRAM=20542MB | t=189ms
HMamba.hmamba_L_N1 - E37 B1350 | loss=8.984 (ctc=13.728 seq=6.951 dc=1.2633) | comp=0.896 (target=1.000) | bias=0.636 (grad=0.0000) | VRAM=20542MB | t=189ms
HMamba.hmamba_L_N1 - E37 B1400 | loss=11.670 (ctc=18.223 seq=8.862 dc=1.3142) | comp=0.889 (target=1.000) | bias=0.636 (grad=0.0000) | VRAM=20542MB | t=202ms
HMamba.hmamba_L_N1 - E37 B1450 | loss=9.969 (ctc=14.620 seq=7.976 dc=1.2048) | comp=0.902 (target=1.000) | bias=0.636 (grad=0.0000) | VRAM=20542MB | t=196ms
HMamba.hmamba_L_N1 - E37 B1500 | loss=9.482 (ctc=14.765 seq=7.218 dc=1.2157) | comp=0.900 (target=1.000) | bias=0.636 (grad=0.0000) | VRAM=20542MB | t=196ms
HMamba.hmamba_L_N1 - E37 B1550 | loss=11.963 (ctc=18.166 seq=9.305 dc=1.2084) | comp=0.901 (target=1.000) | bias=0.636 (grad=0.0000) | VRAM=20542MB | t=198ms
HMamba.hmamba_L_N1 - E37 B1600 | loss=11.729 (ctc=18.332 seq=8.899 dc=1.2176) | comp=0.901 (target=1.000) | bias=0.636 (grad=0.0000) | VRAM=20542MB | t=212ms
HMamba.hmamba_L_N1 - E37 B1650 | loss=12.702 (ctc=19.842 seq=9.641 dc=1.2066) | comp=0.900 (target=1.000) | bias=0.636 (grad=0.0000) | VRAM=20542MB | t=194ms
HMamba.hmamba_L_N1 - E37 B1700 | loss=12.886 (ctc=20.432 seq=9.652 dc=1.1865) | comp=0.904 (target=1.000) | bias=0.636 (grad=0.0000) | VRAM=20542MB | t=198ms
HMamba.hmamba_L_N1 - E37 B1750 | loss=12.356 (ctc=19.278 seq=9.390 dc=1.1710) | comp=0.902 (target=1.000) | bias=0.637 (grad=0.0000) | VRAM=20542MB | t=213ms
HMamba.hmamba_L_N1 - E37 B1800 | loss=12.192 (ctc=19.733 seq=8.959 dc=1.2235) | comp=0.901 (target=1.000) | bias=0.636 (grad=0.0000) | VRAM=20542MB | t=201ms
HMamba.hmamba_L_N1 - E37 B1850 | loss=13.326 (ctc=21.997 seq=9.610 dc=1.2423) | comp=0.899 (target=1.000) | bias=0.636 (grad=0.0000) | VRAM=20542MB | t=193ms
HMamba.hmamba_L_N1 - E37 B1900 | loss=14.383 (ctc=23.580 seq=10.441 dc=1.2440) | comp=0.898 (target=1.000) | bias=0.636 (grad=0.0000) | VRAM=20542MB | t=191ms
HMamba.hmamba_L_N1 - E37 B1950 | loss=12.039 (ctc=18.269 seq=9.369 dc=1.2563) | comp=0.897 (target=1.000) | bias=0.636 (grad=0.0000) | VRAM=20542MB | t=199ms
HMamba.hmamba_L_N1 - E37 B2000 | loss=12.353 (ctc=19.917 seq=9.111 dc=1.1691) | comp=0.905 (target=1.000) | bias=0.637 (grad=0.0000) | VRAM=20542MB | t=195ms
HMamba.hmamba_L_N1 - E37 B2050 | loss=12.776 (ctc=20.000 seq=9.680 dc=1.1559) | comp=0.905 (target=1.000) | bias=0.637 (grad=0.0000) | VRAM=20542MB | t=194ms
HMamba.hmamba_L_N1 - E37 B2100 | loss=11.790 (ctc=18.753 seq=8.806 dc=1.1785) | comp=0.904 (target=1.000) | bias=0.637 (grad=0.0000) | VRAM=20542MB | t=198ms
HMamba.hmamba_L_N1 - E37 B2150 | loss=14.254 (ctc=23.082 seq=10.470 dc=1.1479) | comp=0.906 (target=1.000) | bias=0.637 (grad=0.0000) | VRAM=20542MB | t=196ms
HMamba.hmamba_L_N1 - E37 B2200 | loss=13.416 (ctc=21.514 seq=9.946 dc=1.1507) | comp=0.906 (target=1.000) | bias=0.637 (grad=0.0000) | VRAM=20542MB | t=196ms
HMamba.hmamba_L_N1 - E37 B2250 | loss=10.116 (ctc=16.189 seq=7.513 dc=1.1998) | comp=0.902 (target=1.000) | bias=0.637 (grad=0.0000) | VRAM=20542MB | t=199ms
HMamba.hmamba_L_N1 - E37 B2300 | loss=11.312 (ctc=17.001 seq=8.873 dc=1.1661) | comp=0.905 (target=1.000) | bias=0.638 (grad=0.0000) | VRAM=20542MB | t=204ms
HMamba.hmamba_L_N1 - E37 B2350 | loss=14.079 (ctc=22.230 seq=10.586 dc=1.1757) | comp=0.904 (target=1.000) | bias=0.638 (grad=0.0000) | VRAM=20542MB | t=193ms
HMamba.hmamba_L_N1 - E37 B2400 | loss=10.964 (ctc=16.947 seq=8.399 dc=1.1687) | comp=0.905 (target=1.000) | bias=0.637 (grad=0.0000) | VRAM=20542MB | t=201ms
HMamba.hmamba_L_N1 - E37 B2450 | loss=11.517 (ctc=17.478 seq=8.962 dc=1.2094) | comp=0.901 (target=1.000) | bias=0.638 (grad=0.0000) | VRAM=20542MB | t=199ms
HMamba.hmamba_L_N1 - E37 B2500 | loss=12.352 (ctc=19.510 seq=9.284 dc=1.2309) | comp=0.899 (target=1.000) | bias=0.638 (grad=0.0000) | VRAM=20542MB | t=203ms
HMamba.hmamba_L_N1 - E37 B2550 | loss=11.515 (ctc=17.915 seq=8.772 dc=1.1675) | comp=0.905 (target=1.000) | bias=0.637 (grad=0.0000) | VRAM=20542MB | t=192ms
HMamba.hmamba_L_N1 - E37 B2600 | loss=13.625 (ctc=21.410 seq=10.289 dc=1.1244) | comp=0.909 (target=1.000) | bias=0.637 (grad=0.0000) | VRAM=20542MB | t=202ms
HMamba.hmamba_L_N1 - E37 B2650 | loss=11.956 (ctc=17.631 seq=9.524 dc=1.1506) | comp=0.906 (target=1.000) | bias=0.637 (grad=0.0000) | VRAM=20542MB | t=203ms
HMamba.hmamba_L_N1 - E37 B2700 | loss=9.668 (ctc=14.879 seq=7.435 dc=1.2220) | comp=0.900 (target=1.000) | bias=0.638 (grad=0.0000) | VRAM=20542MB | t=194ms
HMamba.hmamba_L_N1 - E37 B2750 | loss=8.089 (ctc=12.280 seq=6.293 dc=1.1297) | comp=0.908 (target=1.000) | bias=0.637 (grad=0.0000) | VRAM=20542MB | t=191ms
HMamba.hmamba_L_N1 - E37 B2800 | loss=12.147 (ctc=19.604 seq=8.951 dc=1.1948) | comp=0.901 (target=1.000) | bias=0.637 (grad=0.0000) | VRAM=20542MB | t=205ms
HMamba.hmamba_L_N1 - E37 B2850 | loss=10.523 (ctc=15.912 seq=8.214 dc=1.1387) | comp=0.907 (target=1.000) | bias=0.638 (grad=0.0000) | VRAM=20542MB | t=211ms
HMamba.hmamba_L_N1 - E37 B2900 | loss=11.957 (ctc=18.695 seq=9.070 dc=1.2161) | comp=0.901 (target=1.000) | bias=0.637 (grad=0.0000) | VRAM=20542MB | t=192ms
HMamba.hmamba_L_N1 - E37 B2950 | loss=14.373 (ctc=22.083 seq=11.069 dc=1.1893) | comp=0.902 (target=1.000) | bias=0.637 (grad=0.0000) | VRAM=20542MB | t=198ms
__main__ - [H-Mamba] Epoch 37: compression=0.903, dc_loss=1.1795, target_N=1.00
speechbrain.dataio.sampler - DynamicBatchSampler: Generating dynamic batches
HMamba.hmamba_L_N1 - 
============================================================
HMamba.hmamba_L_N1 - Epoch 37 Summary
HMamba.hmamba_L_N1 - ============================================================
HMamba.hmamba_L_N1 - Training:
HMamba.hmamba_L_N1 -   Loss: 12.5809 (CTC=19.8130, Seq=9.4814, DC=1.1795)
HMamba.hmamba_L_N1 - Validation:
HMamba.hmamba_L_N1 -   Loss: 5.5888, ACC: 0.9735
HMamba.hmamba_L_N1 - Dynamic Chunking:
HMamba.hmamba_L_N1 -   Compression: 0.903 ± 0.004 (target: 1.000)
HMamba.hmamba_L_N1 -   Avg chunks: 0.0, Boundary prob: 0.000
HMamba.hmamba_L_N1 - Performance:
HMamba.hmamba_L_N1 -   RTF: 0.0011 (908.3x realtime)
HMamba.hmamba_L_N1 -   Epoch time: 2036.4s, Avg batch: 198.0ms
HMamba.hmamba_L_N1 -   Audio processed: 513.80 hours
HMamba.hmamba_L_N1 - GPU:
HMamba.hmamba_L_N1 -   Peak VRAM: 17556MB, Avg VRAM: 20542MB
HMamba.hmamba_L_N1 - Optimization:
HMamba.hmamba_L_N1 -   LR: 0.000416, Grad norm: 1.8656 (max: 87.7298)
HMamba.hmamba_L_N1 - ============================================================

speechbrain.utils.checkpoints - Saving an empty state_dict for <torch.cuda.amp.grad_scaler.GradScaler object at 0x1465ed056d60> in /data/user_data/anshulk/hnet_asr/results/hmamba_large_N1/save/CKPT+2026-04-03+19-20-26+00/scaler.ckpt.
speechbrain.utils.checkpoints - Saved an end-of-epoch checkpoint in /data/user_data/anshulk/hnet_asr/results/hmamba_large_N1/save/CKPT+2026-04-03+19-20-26+00
speechbrain.utils.checkpoints - Deleted checkpoint in /data/user_data/anshulk/hnet_asr/results/hmamba_large_N1/save/CKPT+2026-04-03+13-01-47+00
speechbrain.utils.epoch_loop - Going into epoch 38
__main__ - [H-Mamba] Epoch 38: target_N=1.00, gumbel_tau=1.000, temp=0.649, bias=0.637
HMamba.hmamba_L_N1 - ============================================================
HMamba.hmamba_L_N1 - Starting Epoch 38
HMamba.hmamba_L_N1 - ============================================================
speechbrain.dataio.sampler - DynamicBatchSampler: Generating dynamic batches
speechbrain.dataio.sampler - DynamicBatchSampler: Generating dynamic batches
HMamba.hmamba_L_N1 - E38 B0000 | loss=15.343 (ctc=24.368 seq=11.475 dc=1.1510) | comp=0.905 (target=1.000) | bias=0.637 (grad=0.0000) | VRAM=20542MB | t=216ms
HMamba.hmamba_L_N1 - E38 B0050 | loss=13.436 (ctc=22.147 seq=9.702 dc=1.2103) | comp=0.901 (target=1.000) | bias=0.637 (grad=0.0000) | VRAM=20542MB | t=197ms
HMamba.hmamba_L_N1 - E38 B0100 | loss=13.236 (ctc=20.645 seq=10.061 dc=1.1616) | comp=0.906 (target=1.000) | bias=0.637 (grad=0.0000) | VRAM=20542MB | t=199ms
HMamba.hmamba_L_N1 - E38 B0150 | loss=11.110 (ctc=15.848 seq=9.080 dc=1.2288) | comp=0.900 (target=1.000) | bias=0.637 (grad=0.0000) | VRAM=20542MB | t=201ms
HMamba.hmamba_L_N1 - E38 B0200 | loss=11.891 (ctc=19.143 seq=8.782 dc=1.1394) | comp=0.906 (target=1.000) | bias=0.637 (grad=0.0000) | VRAM=20542MB | t=205ms
HMamba.hmamba_L_N1 - E38 B0250 | loss=13.640 (ctc=22.661 seq=9.774 dc=1.1306) | comp=0.907 (target=1.000) | bias=0.637 (grad=0.0000) | VRAM=20542MB | t=198ms
HMamba.hmamba_L_N1 - E38 B0300 | loss=11.431 (ctc=18.079 seq=8.582 dc=1.1815) | comp=0.897 (target=1.000) | bias=0.637 (grad=0.0000) | VRAM=20542MB | t=203ms
HMamba.hmamba_L_N1 - E38 B0350 | loss=13.005 (ctc=20.957 seq=9.597 dc=1.1401) | comp=0.908 (target=1.000) | bias=0.636 (grad=0.0000) | VRAM=20542MB | t=202ms
HMamba.hmamba_L_N1 - E38 B0400 | loss=13.815 (ctc=22.763 seq=9.981 dc=1.1453) | comp=0.906 (target=1.000) | bias=0.636 (grad=0.0000) | VRAM=20542MB | t=200ms
HMamba.hmamba_L_N1 - E38 B0450 | loss=10.487 (ctc=17.199 seq=7.611 dc=1.2014) | comp=0.901 (target=1.000) | bias=0.636 (grad=0.0000) | VRAM=20542MB | t=189ms
HMamba.hmamba_L_N1 - E38 B0500 | loss=12.448 (ctc=19.841 seq=9.280 dc=1.1807) | comp=0.903 (target=1.000) | bias=0.636 (grad=0.0000) | VRAM=20542MB | t=195ms
HMamba.hmamba_L_N1 - E38 B0550 | loss=11.861 (ctc=18.556 seq=8.992 dc=1.2315) | comp=0.900 (target=1.000) | bias=0.635 (grad=0.0000) | VRAM=20542MB | t=192ms
HMamba.hmamba_L_N1 - E38 B0600 | loss=10.792 (ctc=17.105 seq=8.087 dc=1.1411) | comp=0.907 (target=1.000) | bias=0.636 (grad=0.0000) | VRAM=20542MB | t=214ms
HMamba.hmamba_L_N1 - E38 B0650 | loss=11.719 (ctc=19.547 seq=8.365 dc=1.1110) | comp=0.910 (target=1.000) | bias=0.635 (grad=0.0000) | VRAM=20542MB | t=191ms
HMamba.hmamba_L_N1 - E38 B0700 | loss=13.509 (ctc=21.538 seq=10.069 dc=1.1404) | comp=0.907 (target=1.000) | bias=0.635 (grad=0.0000) | VRAM=20542MB | t=194ms
HMamba.hmamba_L_N1 - E38 B0750 | loss=11.402 (ctc=17.590 seq=8.751 dc=1.1775) | comp=0.903 (target=1.000) | bias=0.635 (grad=0.0000) | VRAM=20542MB | t=210ms
HMamba.hmamba_L_N1 - E38 B0800 | loss=11.026 (ctc=15.998 seq=8.896 dc=1.0970) | comp=0.911 (target=1.000) | bias=0.635 (grad=0.0000) | VRAM=20542MB | t=204ms
HMamba.hmamba_L_N1 - E38 B0850 | loss=12.269 (ctc=18.504 seq=9.597 dc=1.1541) | comp=0.905 (target=1.000) | bias=0.634 (grad=0.0000) | VRAM=20542MB | t=197ms
HMamba.hmamba_L_N1 - E38 B0900 | loss=11.622 (ctc=17.338 seq=9.173 dc=1.1924) | comp=0.903 (target=1.000) | bias=0.634 (grad=0.0000) | VRAM=20542MB | t=192ms
HMamba.hmamba_L_N1 - E38 B0950 | loss=12.470 (ctc=21.617 seq=8.550 dc=1.3054) | comp=0.893 (target=1.000) | bias=0.634 (grad=0.0000) | VRAM=20542MB | t=213ms
HMamba.hmamba_L_N1 - E38 B1000 | loss=10.925 (ctc=17.006 seq=8.318 dc=1.2011) | comp=0.902 (target=1.000) | bias=0.634 (grad=0.0000) | VRAM=20542MB | t=196ms
HMamba.hmamba_L_N1 - E38 B1050 | loss=15.103 (ctc=23.935 seq=11.318 dc=1.1865) | comp=0.903 (target=1.000) | bias=0.634 (grad=0.0000) | VRAM=20542MB | t=198ms
HMamba.hmamba_L_N1 - E38 B1100 | loss=9.137 (ctc=14.257 seq=6.943 dc=1.1589) | comp=0.906 (target=1.000) | bias=0.634 (grad=0.0000) | VRAM=20542MB | t=194ms
HMamba.hmamba_L_N1 - E38 B1150 | loss=11.224 (ctc=17.146 seq=8.686 dc=1.2403) | comp=0.899 (target=1.000) | bias=0.633 (grad=0.0000) | VRAM=20542MB | t=193ms
HMamba.hmamba_L_N1 - E38 B1200 | loss=9.576 (ctc=14.535 seq=7.451 dc=1.2056) | comp=0.901 (target=1.000) | bias=0.633 (grad=0.0000) | VRAM=20542MB | t=209ms
HMamba.hmamba_L_N1 - E38 B1250 | loss=14.370 (ctc=23.265 seq=10.558 dc=1.2028) | comp=0.902 (target=1.000) | bias=0.633 (grad=0.0000) | VRAM=20542MB | t=205ms
HMamba.hmamba_L_N1 - E38 B1300 | loss=13.455 (ctc=21.491 seq=10.010 dc=1.2048) | comp=0.900 (target=1.000) | bias=0.634 (grad=0.0000) | VRAM=20542MB | t=192ms
HMamba.hmamba_L_N1 - E38 B1350 | loss=12.716 (ctc=19.909 seq=9.634 dc=1.1859) | comp=0.904 (target=1.000) | bias=0.634 (grad=0.0000) | VRAM=20542MB | t=196ms
HMamba.hmamba_L_N1 - E38 B1400 | loss=10.546 (ctc=15.466 seq=8.438 dc=1.2712) | comp=0.896 (target=1.000) | bias=0.634 (grad=0.0000) | VRAM=20542MB | t=193ms
HMamba.hmamba_L_N1 - E38 B1450 | loss=10.347 (ctc=15.532 seq=8.125 dc=1.1896) | comp=0.902 (target=1.000) | bias=0.634 (grad=0.0000) | VRAM=20542MB | t=194ms
HMamba.hmamba_L_N1 - E38 B1500 | loss=9.823 (ctc=14.743 seq=7.714 dc=1.1949) | comp=0.902 (target=1.000) | bias=0.634 (grad=0.0000) | VRAM=20542MB | t=193ms
HMamba.hmamba_L_N1 - E38 B1550 | loss=9.685 (ctc=14.895 seq=7.452 dc=1.2432) | comp=0.898 (target=1.000) | bias=0.633 (grad=0.0000) | VRAM=20542MB | t=192ms
