============================================================
H-Mamba Large N3 — 2x A6000, preempt
============================================================
Job ID   : 6965501
Node     : babel-t9-24
Start    : Mon Apr  6 16:26:55 EDT 2026
============================================================
NumPy  : 1.26.4
Python : /home/anshulk/miniconda3/envs/hnetasr/bin/python
GPUs   : NVIDIA RTX A6000, 49140 MiB
NVIDIA RTX A6000, 49140 MiB

Master port: 50973
dropout=0.1 is not used in Mamba.
dropout=0.1 is not used in Mamba.
speechbrain.core - Beginning experiment!
speechbrain.core - Experiment folder: /data/user_data/anshulk/hnet_asr/results/hmamba_large_N3
librispeech_prepare - Skipping preparation, completed in previous run.
speechbrain.dataio.sampler - Batch quantisation in latent space
speechbrain.dataio.sampler - DynamicBatchSampler: Generating dynamic batches
speechbrain.dataio.sampler - Batch quantisation in latent space
speechbrain.dataio.sampler - DynamicBatchSampler: Generating dynamic batches
speechbrain.utils.fetching - Fetch lm.ckpt: Using existing file/symlink in /data/user_data/anshulk/hnet_asr/results/hmamba_large_N3/save/lm.ckpt.
speechbrain.utils.fetching - Fetch tokenizer.ckpt: Using existing file/symlink in /data/user_data/anshulk/hnet_asr/results/hmamba_large_N3/save/tokenizer.ckpt.
speechbrain.utils.parameter_transfer - Loading pretrained files for: lm, tokenizer
[HMambaEncoderWrapper] Created with 6 stage0 layers, 6 stage1 layers
[HMambaEncoderWrapper] Target compression N=3.0 (r≈0.33)
speechbrain.core - Info: precision arg overridden by command line input to: bf16
speechbrain.core - Info: max_grad_norm arg from hparam file is used
speechbrain.core - Info: grad_accumulation_factor arg from hparam file is used
speechbrain.core - Gradscaler enabled: False. Using precision: bf16.
speechbrain.core - 115.2M trainable parameters in HMambaASR
[HMambaEncoderWrapper] Created with 6 stage0 layers, 6 stage1 layers
[HMambaEncoderWrapper] Target compression N=3.0 (r≈0.33)
__main__ - [H-Mamba] Encoder wrapped with DC (split_idx=6, target_N=3.0)
__main__ - [H-Mamba] DC RoutingModule has 4 parameters
__main__ - [H-Mamba]   - temperature: shape=torch.Size([]), requires_grad=True
__main__ - [H-Mamba]   - boundary_bias: shape=torch.Size([]), requires_grad=True
__main__ - [H-Mamba]   - q_proj_layer.weight: shape=torch.Size([512, 512]), requires_grad=True
__main__ - [H-Mamba]   - k_proj_layer.weight: shape=torch.Size([512, 512]), requires_grad=True
speechbrain.utils.checkpoints - Loading a checkpoint from /data/user_data/anshulk/hnet_asr/results/hmamba_large_N3/save/CKPT+2026-04-06+14-43-47+00
__main__ - [H-Mamba] DC params in optimizer: True
HMamba.hmamba_L_N3 - HMambaLogger initialized: /data/user_data/anshulk/hnet_asr/results/hmamba_large_N3/hmamba_logs
HMamba.hmamba_L_N3 - TensorBoard: enabled
HMamba.hmamba_L_N3 - Config saved to /data/user_data/anshulk/hnet_asr/results/hmamba_large_N3/hmamba_logs/experiment_config.json
speechbrain.utils.epoch_loop - Going into epoch 165
__main__ - [H-Mamba] Epoch 165: target_N=3.00, gumbel_tau=0.300, temp=0.666, bias=-0.488
HMamba.hmamba_L_N3 - ============================================================
HMamba.hmamba_L_N3 - Starting Epoch 165
HMamba.hmamba_L_N3 - ============================================================
speechbrain.dataio.sampler - DynamicBatchSampler: Generating dynamic batches
speechbrain.dataio.sampler - DynamicBatchSampler: Generating dynamic batches
HMamba.hmamba_L_N3 - E165 B0000 | loss=10.177 (ctc=8.852 seq=3.937 dc=0.7332) | comp=0.335 (target=0.333) | bias=-0.488 (grad=0.0000) | VRAM=14808MB | t=4024ms
HMamba.hmamba_L_N3 - E165 B0050 | loss=8.853 (ctc=5.932 seq=3.436 dc=0.7182) | comp=0.334 (target=0.333) | bias=-0.488 (grad=7.7734) | VRAM=17148MB | t=293ms
HMamba.hmamba_L_N3 - E165 B0100 | loss=10.028 (ctc=8.176 seq=3.838 dc=0.7520) | comp=0.330 (target=0.333) | bias=-0.488 (grad=12.7422) | VRAM=17148MB | t=164ms
HMamba.hmamba_L_N3 - E165 B0150 | loss=9.776 (ctc=7.553 seq=4.000 dc=0.7246) | comp=0.333 (target=0.333) | bias=-0.488 (grad=-2.5859) | VRAM=17148MB | t=169ms
HMamba.hmamba_L_N3 - E165 B0200 | loss=10.020 (ctc=7.906 seq=4.102 dc=0.7350) | comp=0.332 (target=0.333) | bias=-0.488 (grad=5.4844) | VRAM=17148MB | t=179ms
HMamba.hmamba_L_N3 - E165 B0250 | loss=10.285 (ctc=7.283 seq=4.454 dc=0.7665) | comp=0.339 (target=0.333) | bias=-0.488 (grad=5.2734) | VRAM=17148MB | t=164ms
HMamba.hmamba_L_N3 - E165 B0300 | loss=11.047 (ctc=9.590 seq=4.808 dc=0.7391) | comp=0.331 (target=0.333) | bias=-0.489 (grad=-0.1094) | VRAM=17148MB | t=171ms
HMamba.hmamba_L_N3 - E165 B0350 | loss=11.056 (ctc=10.429 seq=4.637 dc=0.7202) | comp=0.333 (target=0.333) | bias=-0.488 (grad=-13.2188) | VRAM=17148MB | t=161ms
HMamba.hmamba_L_N3 - E165 B0400 | loss=8.869 (ctc=6.742 seq=3.088 dc=0.7207) | comp=0.333 (target=0.333) | bias=-0.488 (grad=5.1016) | VRAM=17148MB | t=181ms
HMamba.hmamba_L_N3 - E165 B0450 | loss=9.424 (ctc=6.689 seq=3.550 dc=0.7589) | comp=0.339 (target=0.333) | bias=-0.488 (grad=-0.1016) | VRAM=17148MB | t=170ms
HMamba.hmamba_L_N3 - E165 B0500 | loss=12.000 (ctc=12.092 seq=4.825 dc=0.7685) | comp=0.335 (target=0.333) | bias=-0.488 (grad=5.0859) | VRAM=17148MB | t=200ms
HMamba.hmamba_L_N3 - E165 B0550 | loss=11.035 (ctc=9.347 seq=4.465 dc=0.7855) | comp=0.340 (target=0.333) | bias=-0.488 (grad=2.5625) | VRAM=17148MB | t=171ms
HMamba.hmamba_L_N3 - E165 B0600 | loss=8.914 (ctc=5.787 seq=2.964 dc=0.7850) | comp=0.341 (target=0.333) | bias=-0.488 (grad=9.2566) | VRAM=17148MB | t=175ms
HMamba.hmamba_L_N3 - E165 B0650 | loss=10.560 (ctc=8.943 seq=3.814 dc=0.8012) | comp=0.327 (target=0.333) | bias=-0.488 (grad=7.5625) | VRAM=17148MB | t=170ms
HMamba.hmamba_L_N3 - E165 B0700 | loss=9.933 (ctc=8.237 seq=3.673 dc=0.7524) | comp=0.336 (target=0.333) | bias=-0.488 (grad=-2.3203) | VRAM=17148MB | t=169ms
HMamba.hmamba_L_N3 - E165 B0750 | loss=8.510 (ctc=4.766 seq=2.842 dc=0.7833) | comp=0.327 (target=0.333) | bias=-0.488 (grad=-5.3594) | VRAM=17148MB | t=167ms
HMamba.hmamba_L_N3 - E165 B0800 | loss=9.951 (ctc=8.211 seq=4.029 dc=0.7180) | comp=0.334 (target=0.333) | bias=-0.488 (grad=-2.5000) | VRAM=17148MB | t=167ms
HMamba.hmamba_L_N3 - E165 B0850 | loss=10.700 (ctc=8.722 seq=4.129 dc=0.7990) | comp=0.342 (target=0.333) | bias=-0.488 (grad=-8.0938) | VRAM=17148MB | t=172ms
HMamba.hmamba_L_N3 - E165 B0900 | loss=9.296 (ctc=6.904 seq=3.539 dc=0.7304) | comp=0.336 (target=0.333) | bias=-0.488 (grad=-2.5625) | VRAM=17148MB | t=169ms
HMamba.hmamba_L_N3 - E165 B0950 | loss=10.675 (ctc=9.197 seq=4.407 dc=0.7433) | comp=0.333 (target=0.333) | bias=-0.488 (grad=-0.0234) | VRAM=17148MB | t=160ms
HMamba.hmamba_L_N3 - E165 B1000 | loss=10.081 (ctc=7.847 seq=4.293 dc=0.7265) | comp=0.332 (target=0.333) | bias=-0.488 (grad=5.1406) | VRAM=17148MB | t=172ms
HMamba.hmamba_L_N3 - E165 B1050 | loss=10.359 (ctc=8.146 seq=4.248 dc=0.7603) | comp=0.328 (target=0.333) | bias=-0.488 (grad=4.8750) | VRAM=17148MB | t=162ms
HMamba.hmamba_L_N3 - E165 B1100 | loss=10.227 (ctc=8.569 seq=4.209 dc=0.7246) | comp=0.332 (target=0.333) | bias=-0.488 (grad=3.9724) | VRAM=17148MB | t=159ms
HMamba.hmamba_L_N3 - E165 B1150 | loss=10.763 (ctc=8.942 seq=4.865 dc=0.7192) | comp=0.336 (target=0.333) | bias=-0.488 (grad=-2.6641) | VRAM=17148MB | t=170ms
HMamba.hmamba_L_N3 - E165 B1200 | loss=10.414 (ctc=8.494 seq=4.522 dc=0.7231) | comp=0.335 (target=0.333) | bias=-0.488 (grad=1.3256) | VRAM=17148MB | t=164ms
HMamba.hmamba_L_N3 - E165 B1250 | loss=8.861 (ctc=5.727 seq=3.044 dc=0.7711) | comp=0.339 (target=0.333) | bias=-0.488 (grad=5.0312) | VRAM=17148MB | t=160ms
HMamba.hmamba_L_N3 - E165 B1300 | loss=9.906 (ctc=7.923 seq=3.764 dc=0.7530) | comp=0.337 (target=0.333) | bias=-0.488 (grad=2.4922) | VRAM=17148MB | t=166ms
HMamba.hmamba_L_N3 - E165 B1350 | loss=10.687 (ctc=9.667 seq=4.383 dc=0.7259) | comp=0.332 (target=0.333) | bias=-0.488 (grad=-2.6562) | VRAM=17148MB | t=167ms
HMamba.hmamba_L_N3 - E165 B1400 | loss=11.022 (ctc=9.747 seq=4.636 dc=0.7466) | comp=0.337 (target=0.333) | bias=-0.488 (grad=-7.8047) | VRAM=17148MB | t=167ms
HMamba.hmamba_L_N3 - E165 B1450 | loss=9.480 (ctc=6.821 seq=3.736 dc=0.7414) | comp=0.336 (target=0.333) | bias=-0.488 (grad=5.1328) | VRAM=17148MB | t=164ms
HMamba.hmamba_L_N3 - E165 B1500 | loss=9.658 (ctc=7.319 seq=3.826 dc=0.7361) | comp=0.337 (target=0.333) | bias=-0.488 (grad=-7.9531) | VRAM=17148MB | t=166ms
HMamba.hmamba_L_N3 - E165 B1550 | loss=10.253 (ctc=7.349 seq=4.483 dc=0.7554) | comp=0.330 (target=0.333) | bias=-0.488 (grad=2.4453) | VRAM=17148MB | t=165ms
HMamba.hmamba_L_N3 - E165 B1600 | loss=11.084 (ctc=10.385 seq=4.716 dc=0.7180) | comp=0.335 (target=0.333) | bias=-0.488 (grad=0.0391) | VRAM=17148MB | t=165ms
HMamba.hmamba_L_N3 - E165 B1650 | loss=12.401 (ctc=11.296 seq=5.668 dc=0.7761) | comp=0.338 (target=0.333) | bias=-0.488 (grad=-2.4766) | VRAM=17148MB | t=172ms
HMamba.hmamba_L_N3 - E165 B1700 | loss=11.279 (ctc=9.576 seq=4.938 dc=0.7615) | comp=0.336 (target=0.333) | bias=-0.488 (grad=7.7266) | VRAM=17148MB | t=166ms
HMamba.hmamba_L_N3 - E165 B1750 | loss=12.260 (ctc=12.682 seq=4.677 dc=0.7971) | comp=0.337 (target=0.333) | bias=-0.488 (grad=-5.2109) | VRAM=17148MB | t=193ms
HMamba.hmamba_L_N3 - E165 B1800 | loss=11.985 (ctc=10.977 seq=5.160 dc=0.7815) | comp=0.328 (target=0.333) | bias=-0.488 (grad=2.5859) | VRAM=17148MB | t=168ms
HMamba.hmamba_L_N3 - E165 B1850 | loss=10.632 (ctc=9.687 seq=4.306 dc=0.7248) | comp=0.332 (target=0.333) | bias=-0.489 (grad=-2.5000) | VRAM=17148MB | t=180ms
HMamba.hmamba_L_N3 - E165 B1900 | loss=8.176 (ctc=4.111 seq=2.959 dc=0.7495) | comp=0.331 (target=0.333) | bias=-0.489 (grad=-0.2578) | VRAM=17148MB | t=168ms
HMamba.hmamba_L_N3 - E165 B1950 | loss=11.573 (ctc=9.830 seq=5.207 dc=0.7660) | comp=0.329 (target=0.333) | bias=-0.489 (grad=4.8906) | VRAM=17148MB | t=165ms
HMamba.hmamba_L_N3 - E165 B2000 | loss=11.190 (ctc=10.308 seq=4.780 dc=0.7309) | comp=0.334 (target=0.333) | bias=-0.489 (grad=2.4453) | VRAM=17148MB | t=169ms
HMamba.hmamba_L_N3 - E165 B2050 | loss=12.602 (ctc=12.726 seq=5.851 dc=0.7212) | comp=0.335 (target=0.333) | bias=-0.489 (grad=-5.2188) | VRAM=17148MB | t=167ms
HMamba.hmamba_L_N3 - E165 B2100 | loss=9.243 (ctc=6.625 seq=3.095 dc=0.7829) | comp=0.328 (target=0.333) | bias=-0.489 (grad=-2.6953) | VRAM=17148MB | t=171ms
HMamba.hmamba_L_N3 - E165 B2150 | loss=11.807 (ctc=10.855 seq=4.765 dc=0.8023) | comp=0.331 (target=0.333) | bias=-0.488 (grad=7.7656) | VRAM=17148MB | t=193ms
HMamba.hmamba_L_N3 - E165 B2200 | loss=10.778 (ctc=9.371 seq=4.556 dc=0.7350) | comp=0.335 (target=0.333) | bias=-0.488 (grad=5.3047) | VRAM=17148MB | t=189ms
HMamba.hmamba_L_N3 - E165 B2250 | loss=11.025 (ctc=9.645 seq=4.486 dc=0.7679) | comp=0.336 (target=0.333) | bias=-0.488 (grad=-2.7109) | VRAM=17148MB | t=182ms
HMamba.hmamba_L_N3 - E165 B2300 | loss=11.241 (ctc=9.413 seq=5.152 dc=0.7401) | comp=0.337 (target=0.333) | bias=-0.488 (grad=1.1146) | VRAM=17148MB | t=162ms
HMamba.hmamba_L_N3 - E165 B2350 | loss=9.197 (ctc=6.821 seq=3.420 dc=0.7318) | comp=0.335 (target=0.333) | bias=-0.488 (grad=-2.7734) | VRAM=17148MB | t=179ms
HMamba.hmamba_L_N3 - E165 B2400 | loss=10.941 (ctc=9.580 seq=3.986 dc=0.8118) | comp=0.338 (target=0.333) | bias=-0.488 (grad=-7.7734) | VRAM=17148MB | t=235ms
HMamba.hmamba_L_N3 - E165 B2450 | loss=12.028 (ctc=10.408 seq=4.832 dc=0.8497) | comp=0.332 (target=0.333) | bias=-0.488 (grad=-5.2344) | VRAM=17148MB | t=246ms
HMamba.hmamba_L_N3 - E165 B2500 | loss=9.250 (ctc=6.024 seq=3.485 dc=0.7698) | comp=0.341 (target=0.333) | bias=-0.488 (grad=5.0859) | VRAM=17148MB | t=171ms
HMamba.hmamba_L_N3 - E165 B2550 | loss=10.207 (ctc=8.331 seq=3.955 dc=0.7598) | comp=0.329 (target=0.333) | bias=-0.488 (grad=-0.0469) | VRAM=17148MB | t=161ms
HMamba.hmamba_L_N3 - E165 B2600 | loss=10.562 (ctc=8.654 seq=4.129 dc=0.7807) | comp=0.329 (target=0.333) | bias=-0.488 (grad=-0.1562) | VRAM=17148MB | t=173ms
HMamba.hmamba_L_N3 - E165 B2650 | loss=8.387 (ctc=4.830 seq=2.857 dc=0.7598) | comp=0.329 (target=0.333) | bias=-0.488 (grad=-7.4688) | VRAM=17148MB | t=162ms
HMamba.hmamba_L_N3 - E165 B2700 | loss=9.463 (ctc=7.514 seq=3.481 dc=0.7342) | comp=0.336 (target=0.333) | bias=-0.488 (grad=2.5234) | VRAM=17148MB | t=170ms
HMamba.hmamba_L_N3 - E165 B2750 | loss=10.079 (ctc=8.457 seq=3.802 dc=0.7508) | comp=0.338 (target=0.333) | bias=-0.488 (grad=2.6719) | VRAM=17148MB | t=165ms
HMamba.hmamba_L_N3 - E165 B2800 | loss=9.016 (ctc=6.625 seq=3.277 dc=0.7285) | comp=0.333 (target=0.333) | bias=-0.488 (grad=-2.6484) | VRAM=17148MB | t=172ms
HMamba.hmamba_L_N3 - E165 B2850 | loss=10.859 (ctc=10.251 seq=4.458 dc=0.7173) | comp=0.333 (target=0.333) | bias=-0.488 (grad=0.0078) | VRAM=17148MB | t=160ms
HMamba.hmamba_L_N3 - E165 B2900 | loss=10.512 (ctc=8.897 seq=4.144 dc=0.7604) | comp=0.339 (target=0.333) | bias=-0.488 (grad=5.1797) | VRAM=17148MB | t=163ms
