
A module that was compiled using NumPy 1.x cannot be run in
NumPy 2.0.2 as it may crash. To support both 1.x and 2.x
versions of NumPy, modules must be compiled with NumPy 2.0.
Some module may need to rebuild instead e.g. with 'pybind11>=2.12'.

If you are a user of the module, the easiest solution will be to
downgrade to 'numpy<2' or try to upgrade the affected module.
We expect that some modules will need time to support NumPy 2.

Traceback (most recent call last):  File "/home/anshulk/miniconda3/envs/hnetasr/bin/torchrun", line 3, in <module>
    from torch.distributed.run import main
  File "/home/anshulk/miniconda3/envs/hnetasr/lib/python3.9/site-packages/torch/__init__.py", line 1382, in <module>
    from .functional import *  # noqa: F403
  File "/home/anshulk/miniconda3/envs/hnetasr/lib/python3.9/site-packages/torch/functional.py", line 7, in <module>
    import torch.nn.functional as F
  File "/home/anshulk/miniconda3/envs/hnetasr/lib/python3.9/site-packages/torch/nn/__init__.py", line 1, in <module>
    from .modules import *  # noqa: F403
  File "/home/anshulk/miniconda3/envs/hnetasr/lib/python3.9/site-packages/torch/nn/modules/__init__.py", line 35, in <module>
    from .transformer import TransformerEncoder, TransformerDecoder, \
  File "/home/anshulk/miniconda3/envs/hnetasr/lib/python3.9/site-packages/torch/nn/modules/transformer.py", line 20, in <module>
    device: torch.device = torch.device(torch._C._get_default_device()),  # torch.device('cpu'),
/home/anshulk/miniconda3/envs/hnetasr/lib/python3.9/site-packages/torch/nn/modules/transformer.py:20: UserWarning: Failed to initialize NumPy: _ARRAY_API not found (Triggered internally at ../torch/csrc/utils/tensor_numpy.cpp:84.)
  device: torch.device = torch.device(torch._C._get_default_device()),  # torch.device('cpu'),

A module that was compiled using NumPy 1.x cannot be run in
NumPy 2.0.2 as it may crash. To support both 1.x and 2.x
versions of NumPy, modules must be compiled with NumPy 2.0.
Some module may need to rebuild instead e.g. with 'pybind11>=2.12'.

If you are a user of the module, the easiest solution will be to
downgrade to 'numpy<2' or try to upgrade the affected module.
We expect that some modules will need time to support NumPy 2.

Traceback (most recent call last):  File "/home/anshulk/h-mamba_asr/Mamba-ASR/train_s2s_hmamba.py", line 21, in <module>
    import torch
  File "/home/anshulk/miniconda3/envs/hnetasr/lib/python3.9/site-packages/torch/__init__.py", line 1382, in <module>
    from .functional import *  # noqa: F403
  File "/home/anshulk/miniconda3/envs/hnetasr/lib/python3.9/site-packages/torch/functional.py", line 7, in <module>
    import torch.nn.functional as F
  File "/home/anshulk/miniconda3/envs/hnetasr/lib/python3.9/site-packages/torch/nn/__init__.py", line 1, in <module>
    from .modules import *  # noqa: F403
  File "/home/anshulk/miniconda3/envs/hnetasr/lib/python3.9/site-packages/torch/nn/modules/__init__.py", line 35, in <module>
    from .transformer import TransformerEncoder, TransformerDecoder, \
  File "/home/anshulk/miniconda3/envs/hnetasr/lib/python3.9/site-packages/torch/nn/modules/transformer.py", line 20, in <module>
    device: torch.device = torch.device(torch._C._get_default_device()),  # torch.device('cpu'),
/home/anshulk/miniconda3/envs/hnetasr/lib/python3.9/site-packages/torch/nn/modules/transformer.py:20: UserWarning: Failed to initialize NumPy: _ARRAY_API not found (Triggered internally at ../torch/csrc/utils/tensor_numpy.cpp:84.)
  device: torch.device = torch.device(torch._C._get_default_device()),  # torch.device('cpu'),

A module that was compiled using NumPy 1.x cannot be run in
NumPy 2.0.2 as it may crash. To support both 1.x and 2.x
versions of NumPy, modules must be compiled with NumPy 2.0.
Some module may need to rebuild instead e.g. with 'pybind11>=2.12'.

If you are a user of the module, the easiest solution will be to
downgrade to 'numpy<2' or try to upgrade the affected module.
We expect that some modules will need time to support NumPy 2.

Traceback (most recent call last):  File "/home/anshulk/h-mamba_asr/Mamba-ASR/train_s2s_hmamba.py", line 21, in <module>
    import torch
  File "/home/anshulk/miniconda3/envs/hnetasr/lib/python3.9/site-packages/torch/__init__.py", line 1382, in <module>
    from .functional import *  # noqa: F403
  File "/home/anshulk/miniconda3/envs/hnetasr/lib/python3.9/site-packages/torch/functional.py", line 7, in <module>
    import torch.nn.functional as F
  File "/home/anshulk/miniconda3/envs/hnetasr/lib/python3.9/site-packages/torch/nn/__init__.py", line 1, in <module>
    from .modules import *  # noqa: F403
  File "/home/anshulk/miniconda3/envs/hnetasr/lib/python3.9/site-packages/torch/nn/modules/__init__.py", line 35, in <module>
    from .transformer import TransformerEncoder, TransformerDecoder, \
  File "/home/anshulk/miniconda3/envs/hnetasr/lib/python3.9/site-packages/torch/nn/modules/transformer.py", line 20, in <module>
    device: torch.device = torch.device(torch._C._get_default_device()),  # torch.device('cpu'),
/home/anshulk/miniconda3/envs/hnetasr/lib/python3.9/site-packages/torch/nn/modules/transformer.py:20: UserWarning: Failed to initialize NumPy: _ARRAY_API not found (Triggered internally at ../torch/csrc/utils/tensor_numpy.cpp:84.)
  device: torch.device = torch.device(torch._C._get_default_device()),  # torch.device('cpu'),
Traceback (most recent call last):
  File "/home/anshulk/h-mamba_asr/Mamba-ASR/train_s2s_hmamba.py", line 29, in <module>
    from modules.HMambaEncoderWrapper import HMambaEncoderWrapper, create_hmamba_from_conmamba
  File "/home/anshulk/h-mamba_asr/Mamba-ASR/modules/HMambaEncoderWrapper.py", line 43, in <module>
    from modules.Conmamba import ConmambaEncoder
  File "/home/anshulk/h-mamba_asr/Mamba-ASR/modules/Conmamba.py", line 28, in <module>
    from mamba_ssm import Mamba
  File "/home/anshulk/miniconda3/envs/hnetasr/lib/python3.9/site-packages/mamba_ssm/__init__.py", line 6, in <module>
    from mamba_ssm.models.mixer_seq_simple import MambaLMHeadModel
  File "/home/anshulk/miniconda3/envs/hnetasr/lib/python3.9/site-packages/mamba_ssm/models/mixer_seq_simple.py", line 20, in <module>
    from mamba_ssm.utils.generation import GenerationMixin
  File "/home/anshulk/miniconda3/envs/hnetasr/lib/python3.9/site-packages/mamba_ssm/utils/generation.py", line 14, in <module>
    from transformers.generation import GreedySearchDecoderOnlyOutput, SampleDecoderOnlyOutput, TextStreamer
  File "/home/anshulk/miniconda3/envs/hnetasr/lib/python3.9/site-packages/transformers/__init__.py", line 26, in <module>
    from . import dependency_versions_check
  File "/home/anshulk/miniconda3/envs/hnetasr/lib/python3.9/site-packages/transformers/dependency_versions_check.py", line 57, in <module>
    require_version_core(deps[pkg])
  File "/home/anshulk/miniconda3/envs/hnetasr/lib/python3.9/site-packages/transformers/utils/versions.py", line 117, in require_version_core
    return require_version(requirement, hint)
  File "/home/anshulk/miniconda3/envs/hnetasr/lib/python3.9/site-packages/transformers/utils/versions.py", line 111, in require_version
    _compare_versions(op, got_ver, want_ver, requirement, pkg, hint)
  File "/home/anshulk/miniconda3/envs/hnetasr/lib/python3.9/site-packages/transformers/utils/versions.py", line 44, in _compare_versions
    raise ImportError(
ImportError: huggingface-hub>=0.19.3,<1.0 is required for a normal functioning of this module, but found huggingface-hub==1.8.0.
Try: `pip install transformers -U` or `pip install -e '.[dev]'` if you're working with git main
Traceback (most recent call last):
  File "/home/anshulk/h-mamba_asr/Mamba-ASR/train_s2s_hmamba.py", line 29, in <module>
    from modules.HMambaEncoderWrapper import HMambaEncoderWrapper, create_hmamba_from_conmamba
  File "/home/anshulk/h-mamba_asr/Mamba-ASR/modules/HMambaEncoderWrapper.py", line 43, in <module>
    from modules.Conmamba import ConmambaEncoder
  File "/home/anshulk/h-mamba_asr/Mamba-ASR/modules/Conmamba.py", line 28, in <module>
    from mamba_ssm import Mamba
  File "/home/anshulk/miniconda3/envs/hnetasr/lib/python3.9/site-packages/mamba_ssm/__init__.py", line 6, in <module>
    from mamba_ssm.models.mixer_seq_simple import MambaLMHeadModel
  File "/home/anshulk/miniconda3/envs/hnetasr/lib/python3.9/site-packages/mamba_ssm/models/mixer_seq_simple.py", line 20, in <module>
    from mamba_ssm.utils.generation import GenerationMixin
  File "/home/anshulk/miniconda3/envs/hnetasr/lib/python3.9/site-packages/mamba_ssm/utils/generation.py", line 14, in <module>
    from transformers.generation import GreedySearchDecoderOnlyOutput, SampleDecoderOnlyOutput, TextStreamer
  File "/home/anshulk/miniconda3/envs/hnetasr/lib/python3.9/site-packages/transformers/__init__.py", line 26, in <module>
    from . import dependency_versions_check
  File "/home/anshulk/miniconda3/envs/hnetasr/lib/python3.9/site-packages/transformers/dependency_versions_check.py", line 57, in <module>
    require_version_core(deps[pkg])
  File "/home/anshulk/miniconda3/envs/hnetasr/lib/python3.9/site-packages/transformers/utils/versions.py", line 117, in require_version_core
    return require_version(requirement, hint)
  File "/home/anshulk/miniconda3/envs/hnetasr/lib/python3.9/site-packages/transformers/utils/versions.py", line 111, in require_version
    _compare_versions(op, got_ver, want_ver, requirement, pkg, hint)
  File "/home/anshulk/miniconda3/envs/hnetasr/lib/python3.9/site-packages/transformers/utils/versions.py", line 44, in _compare_versions
    raise ImportError(
ImportError: huggingface-hub>=0.19.3,<1.0 is required for a normal functioning of this module, but found huggingface-hub==1.8.0.
Try: `pip install transformers -U` or `pip install -e '.[dev]'` if you're working with git main
[2026-04-05 06:25:24,656] torch.distributed.elastic.multiprocessing.api: [ERROR] failed (exitcode: 1) local_rank: 0 (pid: 3564402) of binary: /home/anshulk/miniconda3/envs/hnetasr/bin/python3.9
Traceback (most recent call last):
  File "/home/anshulk/miniconda3/envs/hnetasr/bin/torchrun", line 6, in <module>
    sys.exit(main())
  File "/home/anshulk/miniconda3/envs/hnetasr/lib/python3.9/site-packages/torch/distributed/elastic/multiprocessing/errors/__init__.py", line 346, in wrapper
    return f(*args, **kwargs)
  File "/home/anshulk/miniconda3/envs/hnetasr/lib/python3.9/site-packages/torch/distributed/run.py", line 806, in main
    run(args)
  File "/home/anshulk/miniconda3/envs/hnetasr/lib/python3.9/site-packages/torch/distributed/run.py", line 797, in run
    elastic_launch(
  File "/home/anshulk/miniconda3/envs/hnetasr/lib/python3.9/site-packages/torch/distributed/launcher/api.py", line 134, in __call__
    return launch_agent(self._config, self._entrypoint, list(args))
  File "/home/anshulk/miniconda3/envs/hnetasr/lib/python3.9/site-packages/torch/distributed/launcher/api.py", line 264, in launch_agent
    raise ChildFailedError(
torch.distributed.elastic.multiprocessing.errors.ChildFailedError: 
============================================================
train_s2s_hmamba.py FAILED
------------------------------------------------------------
Failures:
[1]:
  time      : 2026-04-05_06:25:24
  host      : babel-u9-32.ib
  rank      : 1 (local_rank: 1)
  exitcode  : 1 (pid: 3564403)
  error_file: <N/A>
  traceback : To enable traceback see: https://pytorch.org/docs/stable/elastic/errors.html
------------------------------------------------------------
Root Cause (first observed failure):
[0]:
  time      : 2026-04-05_06:25:24
  host      : babel-u9-32.ib
  rank      : 0 (local_rank: 0)
  exitcode  : 1 (pid: 3564402)
  error_file: <N/A>
  traceback : To enable traceback see: https://pytorch.org/docs/stable/elastic/errors.html
============================================================
