============================================================
H-Mamba Large N3 — 2x A6000, preempt
============================================================
Job ID   : 6933858
Node     : babel-s9-20
Start    : Sun Apr  5 17:15:04 EDT 2026
============================================================
Python : /home/anshulk/miniconda3/envs/hnetasr/bin/python
GPUs   : NVIDIA RTX A6000, 49140 MiB
NVIDIA RTX A6000, 49140 MiB

Master port: 46981
dropout=0.1 is not used in Mamba.
dropout=0.1 is not used in Mamba.
speechbrain.core - Beginning experiment!
speechbrain.core - Experiment folder: /data/user_data/anshulk/hnet_asr/results/hmamba_large_N3
librispeech_prepare - Skipping preparation, completed in previous run.
speechbrain.dataio.sampler - Batch quantisation in latent space
speechbrain.dataio.sampler - DynamicBatchSampler: Generating dynamic batches
speechbrain.dataio.sampler - Batch quantisation in latent space
speechbrain.dataio.sampler - DynamicBatchSampler: Generating dynamic batches
speechbrain.utils.fetching - Fetch lm.ckpt: Using existing file/symlink in /data/user_data/anshulk/hnet_asr/results/hmamba_large_N3/save/lm.ckpt.
speechbrain.utils.fetching - Fetch tokenizer.ckpt: Using existing file/symlink in /data/user_data/anshulk/hnet_asr/results/hmamba_large_N3/save/tokenizer.ckpt.
speechbrain.utils.parameter_transfer - Loading pretrained files for: lm, tokenizer
[HMambaEncoderWrapper] Created with 6 stage0 layers, 6 stage1 layers
[HMambaEncoderWrapper] Target compression N=3.0 (r≈0.33)
speechbrain.core - Info: precision arg overridden by command line input to: bf16
speechbrain.core - Info: max_grad_norm arg from hparam file is used
speechbrain.core - Info: grad_accumulation_factor arg from hparam file is used
speechbrain.core - Gradscaler enabled: False. Using precision: bf16.
speechbrain.core - 115.2M trainable parameters in HMambaASR
[HMambaEncoderWrapper] Created with 6 stage0 layers, 6 stage1 layers
[HMambaEncoderWrapper] Target compression N=3.0 (r≈0.33)
__main__ - [H-Mamba] Encoder wrapped with DC (split_idx=6, target_N=3.0)
__main__ - [H-Mamba] DC RoutingModule has 4 parameters
__main__ - [H-Mamba]   - temperature: shape=torch.Size([]), requires_grad=True
__main__ - [H-Mamba]   - boundary_bias: shape=torch.Size([]), requires_grad=True
__main__ - [H-Mamba]   - q_proj_layer.weight: shape=torch.Size([512, 512]), requires_grad=True
__main__ - [H-Mamba]   - k_proj_layer.weight: shape=torch.Size([512, 512]), requires_grad=True
speechbrain.utils.checkpoints - Loading a checkpoint from /data/user_data/anshulk/hnet_asr/results/hmamba_large_N3/save/CKPT+2026-04-05+12-26-13+00
__main__ - [H-Mamba] DC params in optimizer: True
HMamba.hmamba_L_N3 - HMambaLogger initialized: /data/user_data/anshulk/hnet_asr/results/hmamba_large_N3/hmamba_logs
HMamba.hmamba_L_N3 - TensorBoard: enabled
HMamba.hmamba_L_N3 - Config saved to /data/user_data/anshulk/hnet_asr/results/hmamba_large_N3/hmamba_logs/experiment_config.json
speechbrain.utils.epoch_loop - Going into epoch 142
__main__ - [H-Mamba] Epoch 142: target_N=3.00, gumbel_tau=0.300, temp=0.768, bias=-0.406
HMamba.hmamba_L_N3 - ============================================================
HMamba.hmamba_L_N3 - Starting Epoch 142
HMamba.hmamba_L_N3 - ============================================================
speechbrain.dataio.sampler - DynamicBatchSampler: Generating dynamic batches
speechbrain.dataio.sampler - DynamicBatchSampler: Generating dynamic batches
HMamba.hmamba_L_N3 - E142 B0000 | loss=15.236 (ctc=10.891 seq=5.179 dc=1.2837) | comp=0.386 (target=0.333) | bias=-0.406 (grad=2.7031) | VRAM=15096MB | t=511ms
HMamba.hmamba_L_N3 - E142 B0050 | loss=16.994 (ctc=14.311 seq=6.091 dc=1.2980) | comp=0.386 (target=0.333) | bias=-0.407 (grad=22.3984) | VRAM=16064MB | t=461ms
HMamba.hmamba_L_N3 - E142 B0100 | loss=12.560 (ctc=6.478 seq=3.844 dc=1.2194) | comp=0.380 (target=0.333) | bias=-0.408 (grad=21.8906) | VRAM=16370MB | t=154ms
HMamba.hmamba_L_N3 - E142 B0150 | loss=11.851 (ctc=5.565 seq=2.912 dc=1.2527) | comp=0.384 (target=0.333) | bias=-0.410 (grad=21.6484) | VRAM=16482MB | t=159ms
HMamba.hmamba_L_N3 - E142 B0200 | loss=11.613 (ctc=7.616 seq=3.372 dc=1.0719) | comp=0.366 (target=0.333) | bias=-0.412 (grad=21.6953) | VRAM=16482MB | t=158ms
HMamba.hmamba_L_N3 - E142 B0250 | loss=13.473 (ctc=9.389 seq=4.309 dc=1.1754) | comp=0.377 (target=0.333) | bias=-0.413 (grad=21.5000) | VRAM=16482MB | t=163ms
HMamba.hmamba_L_N3 - E142 B0300 | loss=13.858 (ctc=10.067 seq=5.000 dc=1.1290) | comp=0.372 (target=0.333) | bias=-0.415 (grad=21.4219) | VRAM=16486MB | t=147ms
HMamba.hmamba_L_N3 - E142 B0350 | loss=10.912 (ctc=5.850 seq=3.524 dc=1.0293) | comp=0.363 (target=0.333) | bias=-0.416 (grad=21.4688) | VRAM=16486MB | t=151ms
HMamba.hmamba_L_N3 - E142 B0400 | loss=13.320 (ctc=9.661 seq=4.452 dc=1.1239) | comp=0.372 (target=0.333) | bias=-0.418 (grad=21.1016) | VRAM=16486MB | t=157ms
HMamba.hmamba_L_N3 - E142 B0450 | loss=13.216 (ctc=9.908 seq=4.203 dc=1.1233) | comp=0.369 (target=0.333) | bias=-0.420 (grad=21.3203) | VRAM=16486MB | t=173ms
HMamba.hmamba_L_N3 - E142 B0500 | loss=12.559 (ctc=9.397 seq=4.261 dc=1.0396) | comp=0.364 (target=0.333) | bias=-0.421 (grad=21.2422) | VRAM=16486MB | t=161ms
HMamba.hmamba_L_N3 - E142 B0550 | loss=12.220 (ctc=7.969 seq=3.944 dc=1.0874) | comp=0.370 (target=0.333) | bias=-0.423 (grad=21.1719) | VRAM=16486MB | t=162ms
HMamba.hmamba_L_N3 - E142 B0600 | loss=11.049 (ctc=6.989 seq=3.463 dc=1.0043) | comp=0.360 (target=0.333) | bias=-0.424 (grad=21.0938) | VRAM=17124MB | t=159ms
HMamba.hmamba_L_N3 - E142 B0650 | loss=12.023 (ctc=7.799 seq=3.910 dc=1.0687) | comp=0.367 (target=0.333) | bias=-0.426 (grad=21.1250) | VRAM=17124MB | t=172ms
HMamba.hmamba_L_N3 - E142 B0700 | loss=11.577 (ctc=7.546 seq=3.615 dc=1.0436) | comp=0.364 (target=0.333) | bias=-0.427 (grad=21.0469) | VRAM=17124MB | t=156ms
HMamba.hmamba_L_N3 - E142 B0750 | loss=12.706 (ctc=9.265 seq=4.496 dc=1.0429) | comp=0.364 (target=0.333) | bias=-0.428 (grad=20.9766) | VRAM=17124MB | t=156ms
HMamba.hmamba_L_N3 - E142 B0800 | loss=12.229 (ctc=8.198 seq=4.226 dc=1.0479) | comp=0.366 (target=0.333) | bias=-0.430 (grad=20.9219) | VRAM=17124MB | t=152ms
HMamba.hmamba_L_N3 - E142 B0850 | loss=12.469 (ctc=8.020 seq=4.270 dc=1.0883) | comp=0.369 (target=0.333) | bias=-0.431 (grad=21.0000) | VRAM=17124MB | t=146ms
HMamba.hmamba_L_N3 - E142 B0900 | loss=11.979 (ctc=8.037 seq=3.922 dc=1.0497) | comp=0.366 (target=0.333) | bias=-0.432 (grad=21.0391) | VRAM=17124MB | t=156ms
HMamba.hmamba_L_N3 - E142 B0950 | loss=11.285 (ctc=7.326 seq=3.696 dc=1.0000) | comp=0.361 (target=0.333) | bias=-0.434 (grad=21.0234) | VRAM=17124MB | t=154ms
HMamba.hmamba_L_N3 - E142 B1000 | loss=10.600 (ctc=6.992 seq=3.195 dc=0.9640) | comp=0.357 (target=0.333) | bias=-0.435 (grad=20.8672) | VRAM=17124MB | t=158ms
HMamba.hmamba_L_N3 - E142 B1050 | loss=11.658 (ctc=7.947 seq=3.997 dc=0.9963) | comp=0.360 (target=0.333) | bias=-0.437 (grad=20.8359) | VRAM=17124MB | t=159ms
HMamba.hmamba_L_N3 - E142 B1100 | loss=13.804 (ctc=13.389 seq=5.166 dc=0.9493) | comp=0.354 (target=0.333) | bias=-0.438 (grad=20.9688) | VRAM=17124MB | t=162ms
HMamba.hmamba_L_N3 - E142 B1150 | loss=10.806 (ctc=7.291 seq=3.475 dc=0.9517) | comp=0.355 (target=0.333) | bias=-0.439 (grad=20.5781) | VRAM=17124MB | t=158ms
HMamba.hmamba_L_N3 - E142 B1200 | loss=12.922 (ctc=11.202 seq=4.926 dc=0.9405) | comp=0.355 (target=0.333) | bias=-0.441 (grad=20.8750) | VRAM=17124MB | t=162ms
HMamba.hmamba_L_N3 - E142 B1250 | loss=11.924 (ctc=9.020 seq=4.316 dc=0.9532) | comp=0.356 (target=0.333) | bias=-0.442 (grad=20.5547) | VRAM=17124MB | t=168ms
HMamba.hmamba_L_N3 - E142 B1300 | loss=12.069 (ctc=9.757 seq=4.278 dc=0.9457) | comp=0.354 (target=0.333) | bias=-0.443 (grad=20.8828) | VRAM=17124MB | t=168ms
HMamba.hmamba_L_N3 - E142 B1350 | loss=10.493 (ctc=7.068 seq=3.670 dc=0.8929) | comp=0.350 (target=0.333) | bias=-0.444 (grad=20.9141) | VRAM=17124MB | t=169ms
HMamba.hmamba_L_N3 - E142 B1400 | loss=10.339 (ctc=7.058 seq=3.442 dc=0.8942) | comp=0.350 (target=0.333) | bias=-0.446 (grad=20.5859) | VRAM=17124MB | t=152ms
HMamba.hmamba_L_N3 - E142 B1450 | loss=11.606 (ctc=8.331 seq=3.643 dc=1.0087) | comp=0.362 (target=0.333) | bias=-0.447 (grad=20.5547) | VRAM=17124MB | t=155ms
HMamba.hmamba_L_N3 - E142 B1500 | loss=10.425 (ctc=6.726 seq=3.180 dc=0.9509) | comp=0.354 (target=0.333) | bias=-0.448 (grad=20.5625) | VRAM=17124MB | t=154ms
HMamba.hmamba_L_N3 - E142 B1550 | loss=10.761 (ctc=6.760 seq=3.698 dc=0.9454) | comp=0.355 (target=0.333) | bias=-0.450 (grad=20.5156) | VRAM=17124MB | t=150ms
HMamba.hmamba_L_N3 - E142 B1600 | loss=10.540 (ctc=7.364 seq=3.814 dc=0.8709) | comp=0.349 (target=0.333) | bias=-0.451 (grad=20.6484) | VRAM=17124MB | t=150ms
HMamba.hmamba_L_N3 - E142 B1650 | loss=15.055 (ctc=14.096 seq=6.949 dc=0.9173) | comp=0.354 (target=0.333) | bias=-0.453 (grad=20.6250) | VRAM=17124MB | t=156ms
